[ERROR 2019-02-27 16:33:07]Status: 400 Bad Request
Response: b'{\n  "responseHeader":{\n    "status":400,\n    "QTime":102},\n  "error":{\n    "metadata":[\n      "error-class","org.apache.solr.common.SolrException",\n      "root-error-class","java.lang.NullPointerException"],\n    "msg":"org.apache.solr.ltr.model.ModelException: Model type does not exist org.apache.solr.ltr.model.LinearModel",\n    "code":400}}\n'
[ERROR 2019-02-27 16:36:58]Status: 400 Bad Request
Response: b'{\n  "responseHeader":{\n    "status":400,\n    "QTime":16},\n  "error":{\n    "metadata":[\n      "error-class","org.apache.solr.common.SolrException",\n      "root-error-class","org.apache.solr.ltr.model.ModelException"],\n    "msg":"org.apache.solr.ltr.model.ModelException: model \'JapanDocModelBody\' already exists. Please use a different name",\n    "code":400}}\n'
[ERROR 2019-02-27 16:38:41]Status: 400 Bad Request
Response: b'{\n  "responseHeader":{\n    "status":400,\n    "QTime":40},\n  "error":{\n    "metadata":[\n      "error-class","org.apache.solr.common.SolrException",\n      "root-error-class","org.apache.solr.ltr.model.ModelException"],\n    "msg":"org.apache.solr.ltr.model.ModelException: no features declared for model JapanDocModelBody",\n    "code":400}}\n'
[ERROR 2019-04-24 11:17:38]Status: 400 Bad Request
Response: b'{\n  "responseHeader":{\n    "status":400,\n    "QTime":141},\n  "error":{\n    "metadata":[\n      "error-class","org.apache.solr.common.SolrException",\n      "root-error-class","org.apache.solr.ltr.model.ModelException"],\n    "msg":"org.apache.solr.ltr.model.ModelException: no features declared for model JapanDocModelBody",\n    "code":400}}\n'
[ERROR 2019-04-24 13:26:18]Status: 400 Bad Request
Response: b'{\n  "responseHeader":{\n    "status":400,\n    "QTime":108},\n  "error":{\n    "metadata":[\n      "error-class","org.apache.solr.common.SolrException",\n      "root-error-class","org.apache.solr.ltr.model.ModelException"],\n    "msg":"org.apache.solr.ltr.model.ModelException: no features declared for model JapanDocModelBody",\n    "code":400}}\n'
[ERROR 2019-04-24 14:01:07]Status: 400 Bad Request
Response: b'{\n  "responseHeader":{\n    "status":400,\n    "QTime":93},\n  "error":{\n    "metadata":[\n      "error-class","org.apache.solr.common.SolrException",\n      "root-error-class","org.apache.solr.ltr.model.ModelException"],\n    "msg":"org.apache.solr.ltr.model.ModelException: no features declared for model JapanDocModelBody",\n    "code":400}}\n'
[ERROR 2019-04-24 14:01:24]Status: 400 Bad Request
Response: b'{\n  "responseHeader":{\n    "status":400,\n    "QTime":52},\n  "error":{\n    "metadata":[\n      "error-class","org.apache.solr.common.SolrException",\n      "root-error-class","org.apache.solr.ltr.model.ModelException"],\n    "msg":"org.apache.solr.ltr.model.ModelException: no features declared for model JapanDocModelBody",\n    "code":400}}\n'
[ERROR 2019-04-24 14:02:12]Status: 400 Bad Request
Response: b'{\n  "responseHeader":{\n    "status":400,\n    "QTime":87},\n  "error":{\n    "metadata":[\n      "error-class","org.apache.solr.common.SolrException",\n      "root-error-class","java.lang.NullPointerException"],\n    "msg":"org.apache.solr.ltr.model.ModelException: Model type does not exist org.apache.solr.ltr.model.LinearModel",\n    "code":400}}\n'
[ERROR 2019-04-24 14:03:52]Status: 400 Bad Request
Response: b'{\n  "responseHeader":{\n    "status":400,\n    "QTime":338},\n  "error":{\n    "metadata":[\n      "error-class","org.apache.solr.common.SolrException",\n      "root-error-class","java.lang.NullPointerException"],\n    "msg":"org.apache.solr.ltr.model.ModelException: Model type does not exist org.apache.solr.ltr.model.LinearModel",\n    "code":400}}\n'
[ERROR 2019-04-24 14:04:10]Status: 400 Bad Request
Response: b'{\n  "responseHeader":{\n    "status":400,\n    "QTime":6},\n  "error":{\n    "metadata":[\n      "error-class","org.apache.solr.common.SolrException",\n      "root-error-class","java.lang.NullPointerException"],\n    "msg":"org.apache.solr.ltr.model.ModelException: Model type does not exist org.apache.solr.ltr.model.LinearModel",\n    "code":400}}\n'
[ERROR 2019-05-06 10:44:28]Status: 400 Bad Request
Response: b'{\n  "responseHeader":{\n    "status":400,\n    "QTime":330},\n  "error":{\n    "metadata":[\n      "error-class","org.apache.solr.common.SolrException",\n      "root-error-class","org.apache.solr.ltr.model.ModelException"],\n    "msg":"org.apache.solr.ltr.model.ModelException: no features declared for model JapanDocModelBody",\n    "code":400}}\n'
[ERROR 2019-05-06 10:47:49]Status: 400 Bad Request
Response: b'{\n  "responseHeader":{\n    "status":400,\n    "QTime":351},\n  "error":{\n    "metadata":[\n      "error-class","org.apache.solr.common.SolrException",\n      "root-error-class","org.apache.solr.ltr.model.ModelException"],\n    "msg":"org.apache.solr.ltr.model.ModelException: no features declared for model JapanDocModelBody",\n    "code":400}}\n'
[ERROR 2019-05-06 10:47:55]Status: 400 Bad Request
Response: b'{\n  "responseHeader":{\n    "status":400,\n    "QTime":99},\n  "error":{\n    "metadata":[\n      "error-class","org.apache.solr.common.SolrException",\n      "root-error-class","org.apache.solr.ltr.model.ModelException"],\n    "msg":"org.apache.solr.ltr.model.ModelException: no features declared for model JapanDocModelBody",\n    "code":400}}\n'
[ERROR 2019-05-06 10:48:15]Status: 400 Bad Request
Response: b'{\n  "responseHeader":{\n    "status":400,\n    "QTime":11},\n  "error":{\n    "metadata":[\n      "error-class","org.apache.solr.common.SolrException",\n      "root-error-class","org.apache.solr.ltr.model.ModelException"],\n    "msg":"org.apache.solr.ltr.model.ModelException: no features declared for model JapanDocModelBody",\n    "code":400}}\n'
[ERROR 2019-05-06 11:01:29]Status: 400 Bad Request
Response: b'{\n  "responseHeader":{\n    "status":400,\n    "QTime":18},\n  "error":{\n    "metadata":[\n      "error-class","org.apache.solr.common.SolrException",\n      "root-error-class","org.apache.solr.ltr.model.ModelException"],\n    "msg":"org.apache.solr.ltr.model.ModelException: no features declared for model JapanDocModelBody",\n    "code":400}}\n'
[ERROR 2019-05-06 11:01:39]Status: 400 Bad Request
Response: b'{\n  "responseHeader":{\n    "status":400,\n    "QTime":1},\n  "error":{\n    "metadata":[\n      "error-class","org.apache.solr.common.SolrException",\n      "root-error-class","org.apache.solr.ltr.model.ModelException"],\n    "msg":"org.apache.solr.ltr.model.ModelException: no features declared for model JapanDocModelBody",\n    "code":400}}\n'
[ERROR 2019-05-06 11:01:44]Status: 400 Bad Request
Response: b'{\n  "responseHeader":{\n    "status":400,\n    "QTime":1},\n  "error":{\n    "metadata":[\n      "error-class","org.apache.solr.common.SolrException",\n      "root-error-class","org.apache.solr.ltr.model.ModelException"],\n    "msg":"org.apache.solr.ltr.model.ModelException: no features declared for model JapanDocModelBody",\n    "code":400}}\n'
[ERROR 2019-05-06 11:01:51]Status: 400 Bad Request
Response: b'{\n  "responseHeader":{\n    "status":400,\n    "QTime":71},\n  "error":{\n    "metadata":[\n      "error-class","org.apache.solr.common.SolrException",\n      "root-error-class","java.lang.NullPointerException"],\n    "msg":"org.apache.solr.ltr.model.ModelException: Model type does not exist org.apache.solr.ltr.model.LinearModel",\n    "code":400}}\n'
[ERROR 2019-05-06 11:03:51]Status: 400 Bad Request
Response: b'{\n  "responseHeader":{\n    "status":400,\n    "QTime":2},\n  "error":{\n    "metadata":[\n      "error-class","org.apache.solr.common.SolrException",\n      "root-error-class","org.apache.solr.ltr.model.ModelException"],\n    "msg":"org.apache.solr.ltr.model.ModelException: no features declared for model JapanDocModelBody",\n    "code":400}}\n'
[ERROR 2019-05-06 11:04:05]Status: 400 Bad Request
Response: b'{\n  "responseHeader":{\n    "status":400,\n    "QTime":2},\n  "error":{\n    "metadata":[\n      "error-class","org.apache.solr.common.SolrException",\n      "root-error-class","org.apache.solr.ltr.model.ModelException"],\n    "msg":"org.apache.solr.ltr.model.ModelException: no features declared for model JapanDocModelBody",\n    "code":400}}\n'
[ERROR 2019-05-06 11:04:08]Status: 400 Bad Request
Response: b'{\n  "responseHeader":{\n    "status":400,\n    "QTime":11},\n  "error":{\n    "metadata":[\n      "error-class","org.apache.solr.common.SolrException",\n      "root-error-class","org.apache.solr.ltr.model.ModelException"],\n    "msg":"org.apache.solr.ltr.model.ModelException: no features declared for model JapanDocModelBody",\n    "code":400}}\n'
[ERROR 2019-05-06 11:30:35]Status: 400 Bad Request
Response: b'{\n  "responseHeader":{\n    "status":400,\n    "QTime":148},\n  "error":{\n    "metadata":[\n      "error-class","org.apache.solr.common.SolrException",\n      "root-error-class","org.apache.solr.ltr.model.ModelException"],\n    "msg":"org.apache.solr.ltr.model.ModelException: no features declared for model JapanDocModelBody",\n    "code":400}}\n'
[ERROR 2019-05-06 11:31:05]Status: 400 Bad Request
Response: b'{\n  "responseHeader":{\n    "status":400,\n    "QTime":33},\n  "error":{\n    "metadata":[\n      "error-class","org.apache.solr.common.SolrException",\n      "root-error-class","java.lang.NullPointerException"],\n    "msg":"org.apache.solr.ltr.model.ModelException: Model type does not exist org.apache.solr.ltr.model.LinearModel",\n    "code":400}}\n'
[ERROR 2019-05-06 11:32:22]Status: 400 Bad Request
Response: b'{\n  "responseHeader":{\n    "status":400,\n    "QTime":247},\n  "error":{\n    "metadata":[\n      "error-class","org.apache.solr.common.SolrException",\n      "root-error-class","java.lang.NullPointerException"],\n    "msg":"org.apache.solr.ltr.model.ModelException: Model type does not exist org.apache.solr.ltr.model.LinearModel",\n    "code":400}}\n'
[ERROR 2019-05-27 15:00:55]Status: 400 Bad Request
Response: b'{\n  "responseHeader":{\n    "status":400,\n    "QTime":12},\n  "error":{\n    "metadata":[\n      "error-class","org.apache.solr.common.SolrException",\n      "root-error-class","org.apache.solr.ltr.model.ModelException"],\n    "msg":"org.apache.solr.ltr.model.ModelException: no features declared for model JapanDocModelBody",\n    "code":400}}\n'
[ERROR 2019-05-27 15:02:09]Status: 400 Bad Request
Response: b'{\n  "responseHeader":{\n    "status":400,\n    "QTime":4},\n  "error":{\n    "metadata":[\n      "error-class","org.apache.solr.common.SolrException",\n      "root-error-class","org.apache.solr.ltr.model.ModelException"],\n    "msg":"org.apache.solr.ltr.model.ModelException: no features declared for model JapanDocModelBody",\n    "code":400}}\n'
[ERROR 2019-05-27 15:23:49]Status: 400 Bad Request
Response: b'{\n  "responseHeader":{\n    "status":400,\n    "QTime":11},\n  "error":{\n    "metadata":[\n      "error-class","org.apache.solr.common.SolrException",\n      "root-error-class","org.apache.solr.ltr.model.ModelException"],\n    "msg":"org.apache.solr.ltr.model.ModelException: no features declared for model JapanDocModelBody",\n    "code":400}}\n'
[ERROR 2019-05-27 15:25:32]Status: 400 Bad Request
Response: b'{\n  "responseHeader":{\n    "status":400,\n    "QTime":48},\n  "error":{\n    "metadata":[\n      "error-class","org.apache.solr.common.SolrException",\n      "root-error-class","org.apache.solr.ltr.model.ModelException"],\n    "msg":"org.apache.solr.ltr.model.ModelException: no features declared for model JapanDocModelBody",\n    "code":400}}\n'
[ERROR 2019-05-27 15:25:42]Status: 400 Bad Request
Response: b'{\n  "responseHeader":{\n    "status":400,\n    "QTime":1},\n  "error":{\n    "metadata":[\n      "error-class","org.apache.solr.common.SolrException",\n      "root-error-class","org.apache.solr.ltr.model.ModelException"],\n    "msg":"org.apache.solr.ltr.model.ModelException: no features declared for model JapanDocModelBody",\n    "code":400}}\n'
[ERROR 2019-05-27 15:26:24]Status: 400 Bad Request
Response: b'{\n  "responseHeader":{\n    "status":400,\n    "QTime":1},\n  "error":{\n    "metadata":[\n      "error-class","org.apache.solr.common.SolrException",\n      "root-error-class","org.apache.solr.ltr.model.ModelException"],\n    "msg":"org.apache.solr.ltr.model.ModelException: no features declared for model JapanDocModelBody",\n    "code":400}}\n'
[ERROR 2019-05-27 15:29:02]Status: 400 Bad Request
Response: b'{\n  "responseHeader":{\n    "status":400,\n    "QTime":37},\n  "error":{\n    "metadata":[\n      "error-class","org.apache.solr.common.SolrException",\n      "root-error-class","org.apache.solr.ltr.model.ModelException"],\n    "msg":"org.apache.solr.ltr.model.ModelException: no features declared for model JapanDocModelBody",\n    "code":400}}\n'
[ERROR 2019-05-27 15:29:06]Status: 400 Bad Request
Response: b'{\n  "responseHeader":{\n    "status":400,\n    "QTime":1},\n  "error":{\n    "metadata":[\n      "error-class","org.apache.solr.common.SolrException",\n      "root-error-class","org.apache.solr.ltr.model.ModelException"],\n    "msg":"org.apache.solr.ltr.model.ModelException: no features declared for model JapanDocModelBody",\n    "code":400}}\n'
[ERROR 2019-05-27 15:30:12]Status: 400 Bad Request
Response: b'{\n  "responseHeader":{\n    "status":400,\n    "QTime":3},\n  "error":{\n    "metadata":[\n      "error-class","org.apache.solr.common.SolrException",\n      "root-error-class","org.apache.solr.ltr.model.ModelException"],\n    "msg":"org.apache.solr.ltr.model.ModelException: no features declared for model JapanDocModelBody",\n    "code":400}}\n'
[ERROR 2019-05-27 15:32:23]Status: 400 Bad Request
Response: b'{\n  "responseHeader":{\n    "status":400,\n    "QTime":10},\n  "error":{\n    "metadata":[\n      "error-class","org.apache.solr.common.SolrException",\n      "root-error-class","org.apache.solr.ltr.model.ModelException"],\n    "msg":"org.apache.solr.ltr.model.ModelException: no features declared for model JapanDocModelBody",\n    "code":400}}\n'
[ERROR 2019-05-27 15:35:31]Status: 400 Bad Request
Response: b'{\n  "responseHeader":{\n    "status":400,\n    "QTime":3},\n  "error":{\n    "metadata":[\n      "error-class","org.apache.solr.common.SolrException",\n      "root-error-class","org.apache.solr.ltr.model.ModelException"],\n    "msg":"org.apache.solr.ltr.model.ModelException: model \'JapanDocModelBody\' already exists. Please use a different name",\n    "code":400}}\n'
[ERROR 2019-05-27 15:37:39]Status: 400 Bad Request
Response: b'{\n  "responseHeader":{\n    "status":400,\n    "QTime":11},\n  "error":{\n    "metadata":[\n      "error-class","org.apache.solr.common.SolrException",\n      "root-error-class","java.lang.NullPointerException"],\n    "msg":"org.apache.solr.ltr.model.ModelException: Model type does not exist org.apache.solr.ltr.model.LinearModel",\n    "code":400}}\n'
[ERROR 2019-05-27 16:26:22]Status: 400 Bad Request
Response: b'{\n  "responseHeader":{\n    "status":400,\n    "QTime":6},\n  "error":{\n    "metadata":[\n      "error-class","org.apache.solr.common.SolrException",\n      "root-error-class","org.apache.solr.ltr.model.ModelException"],\n    "msg":"org.apache.solr.ltr.model.ModelException: model \'JapanDocModelBody\' already exists. Please use a different name",\n    "code":400}}\n'
[ERROR 2019-05-27 16:38:15]Status: 400 Bad Request
Response: b'{\n  "responseHeader":{\n    "status":400,\n    "QTime":11},\n  "error":{\n    "metadata":[\n      "error-class","org.apache.solr.common.SolrException",\n      "root-error-class","java.lang.NullPointerException"],\n    "msg":"org.apache.solr.ltr.model.ModelException: Model type does not exist org.apache.solr.ltr.model.LinearModel",\n    "code":400}}\n'
[ERROR 2019-05-27 16:38:58]Status: 400 Bad Request
Response: b'{\n  "responseHeader":{\n    "status":400,\n    "QTime":25},\n  "error":{\n    "metadata":[\n      "error-class","org.apache.solr.common.SolrException",\n      "root-error-class","java.lang.NullPointerException"],\n    "msg":"org.apache.solr.ltr.model.ModelException: Model type does not exist org.apache.solr.ltr.model.LinearModel",\n    "code":400}}\n'
[ERROR 2019-05-27 16:41:13]Status: 400 Bad Request
Response: b'{\n  "responseHeader":{\n    "status":400,\n    "QTime":4},\n  "error":{\n    "metadata":[\n      "error-class","org.apache.solr.common.SolrException",\n      "root-error-class","java.lang.NullPointerException"],\n    "msg":"org.apache.solr.ltr.model.ModelException: Model type does not exist org.apache.solr.ltr.model.LinearModel",\n    "code":400}}\n'
[ERROR 2019-05-27 16:41:20]Status: 400 Bad Request
Response: b'{\n  "responseHeader":{\n    "status":400,\n    "QTime":10},\n  "error":{\n    "metadata":[\n      "error-class","org.apache.solr.common.SolrException",\n      "root-error-class","java.lang.NullPointerException"],\n    "msg":"org.apache.solr.ltr.model.ModelException: Model type does not exist org.apache.solr.ltr.model.LinearModel",\n    "code":400}}\n'
[ERROR 2019-05-27 17:06:55]Status: 400 Bad Request
Response: b'{\n  "responseHeader":{\n    "status":400,\n    "QTime":8},\n  "error":{\n    "metadata":[\n      "error-class","org.apache.solr.common.SolrException",\n      "root-error-class","org.apache.solr.ltr.model.ModelException"],\n    "msg":"org.apache.solr.ltr.model.ModelException: model \'JapanDocModelBody\' already exists. Please use a different name",\n    "code":400}}\n'
[ERROR 2019-05-27 17:32:10]Status: 400 Bad Request
Response: b'{\n  "responseHeader":{\n    "status":400,\n    "QTime":16},\n  "error":{\n    "metadata":[\n      "error-class","org.apache.solr.common.SolrException",\n      "root-error-class","java.lang.NullPointerException"],\n    "msg":"org.apache.solr.ltr.model.ModelException: Model type does not exist org.apache.solr.ltr.model.LinearModel",\n    "code":400}}\n'
[ERROR 2019-05-29 09:47:24]Status: 400 Bad Request
Response: b'{\n  "responseHeader":{\n    "status":400,\n    "QTime":20},\n  "error":{\n    "metadata":[\n      "error-class","org.apache.solr.common.SolrException",\n      "root-error-class","java.lang.NullPointerException"],\n    "msg":"org.apache.solr.ltr.model.ModelException: Model type does not exist org.apache.solr.ltr.model.LinearModel",\n    "code":400}}\n'
[ERROR 2019-05-29 09:47:52]Status: 400 Bad Request
Response: b'{\n  "responseHeader":{\n    "status":400,\n    "QTime":16},\n  "error":{\n    "metadata":[\n      "error-class","org.apache.solr.common.SolrException",\n      "root-error-class","java.lang.NullPointerException"],\n    "msg":"org.apache.solr.ltr.model.ModelException: Model type does not exist org.apache.solr.ltr.model.LinearModel",\n    "code":400}}\n'
[ERROR 2019-05-29 09:47:56]Status: 400 Bad Request
Response: b'{\n  "responseHeader":{\n    "status":400,\n    "QTime":2},\n  "error":{\n    "metadata":[\n      "error-class","org.apache.solr.common.SolrException",\n      "root-error-class","java.lang.NullPointerException"],\n    "msg":"org.apache.solr.ltr.model.ModelException: Model type does not exist org.apache.solr.ltr.model.LinearModel",\n    "code":400}}\n'
[ERROR 2019-05-29 09:48:01]Status: 400 Bad Request
Response: b'{\n  "responseHeader":{\n    "status":400,\n    "QTime":32},\n  "error":{\n    "metadata":[\n      "error-class","org.apache.solr.common.SolrException",\n      "root-error-class","java.lang.NullPointerException"],\n    "msg":"org.apache.solr.ltr.model.ModelException: Model type does not exist org.apache.solr.ltr.model.LinearModel",\n    "code":400}}\n'
[ERROR 2019-05-29 09:48:15]Status: 400 Bad Request
Response: b'{\n  "responseHeader":{\n    "status":400,\n    "QTime":2},\n  "error":{\n    "metadata":[\n      "error-class","org.apache.solr.common.SolrException",\n      "root-error-class","java.lang.NullPointerException"],\n    "msg":"org.apache.solr.ltr.model.ModelException: Model type does not exist org.apache.solr.ltr.model.LinearModel",\n    "code":400}}\n'
[ERROR 2019-05-29 09:49:22]Status: 400 Bad Request
Response: b'{\n  "responseHeader":{\n    "status":400,\n    "QTime":3},\n  "error":{\n    "metadata":[\n      "error-class","org.apache.solr.common.SolrException",\n      "root-error-class","java.lang.NullPointerException"],\n    "msg":"org.apache.solr.ltr.model.ModelException: Model type does not exist org.apache.solr.ltr.model.LinearModel",\n    "code":400}}\n'
[ERROR 2019-05-29 09:53:53]Status: 400 Bad Request
Response: b'{\n  "responseHeader":{\n    "status":400,\n    "QTime":13},\n  "error":{\n    "metadata":[\n      "error-class","org.apache.solr.common.SolrException",\n      "root-error-class","java.lang.NullPointerException"],\n    "msg":"org.apache.solr.ltr.model.ModelException: Model type does not exist org.apache.solr.ltr.model.LinearModel",\n    "code":400}}\n'
[ERROR 2019-05-29 09:55:04]Status: 400 Bad Request
Response: b'{\n  "responseHeader":{\n    "status":400,\n    "QTime":3},\n  "error":{\n    "metadata":[\n      "error-class","org.apache.solr.common.SolrException",\n      "root-error-class","java.lang.NullPointerException"],\n    "msg":"org.apache.solr.ltr.model.ModelException: Model type does not exist org.apache.solr.ltr.model.LinearModel",\n    "code":400}}\n'
[ERROR 2019-05-29 10:21:51]Status: 400 Bad Request
Response: b'{\n  "responseHeader":{\n    "status":400,\n    "QTime":17},\n  "error":{\n    "metadata":[\n      "error-class","org.apache.solr.common.SolrException",\n      "root-error-class","java.lang.NullPointerException"],\n    "msg":"org.apache.solr.ltr.model.ModelException: Model type does not exist org.apache.solr.ltr.model.LinearModel",\n    "code":400}}\n'
[ERROR 2019-05-29 10:24:14]Status: 400 Bad Request
Response: b'{\n  "responseHeader":{\n    "status":400,\n    "QTime":11},\n  "error":{\n    "metadata":[\n      "error-class","org.apache.solr.common.SolrException",\n      "root-error-class","java.lang.NullPointerException"],\n    "msg":"org.apache.solr.ltr.model.ModelException: Model type does not exist org.apache.solr.ltr.model.LinearModel",\n    "code":400}}\n'
[ERROR 2019-05-29 10:28:33]Status: 400 Bad Request
Response: b'{\n  "responseHeader":{\n    "status":400,\n    "QTime":13},\n  "error":{\n    "metadata":[\n      "error-class","org.apache.solr.common.SolrException",\n      "root-error-class","java.lang.NullPointerException"],\n    "msg":"org.apache.solr.ltr.model.ModelException: Model type does not exist org.apache.solr.ltr.model.LinearModel",\n    "code":400}}\n'
[ERROR 2019-05-29 10:33:25]Status: 400 Bad Request
Response: b'{\n  "responseHeader":{\n    "status":400,\n    "QTime":96},\n  "error":{\n    "metadata":[\n      "error-class","org.apache.solr.common.SolrException",\n      "root-error-class","java.lang.NullPointerException"],\n    "msg":"org.apache.solr.ltr.model.ModelException: Model type does not exist org.apache.solr.ltr.model.LinearModel",\n    "code":400}}\n'
[ERROR 2019-05-29 10:34:24]Status: 400 Bad Request
Response: b'{\n  "responseHeader":{\n    "status":400,\n    "QTime":17},\n  "error":{\n    "metadata":[\n      "error-class","org.apache.solr.common.SolrException",\n      "root-error-class","java.lang.NullPointerException"],\n    "msg":"org.apache.solr.ltr.model.ModelException: Model type does not exist org.apache.solr.ltr.model.LinearModel",\n    "code":400}}\n'
[ERROR 2019-05-29 10:46:31]Status: 400 Bad Request
Response: b'{\n  "responseHeader":{\n    "status":400,\n    "QTime":3},\n  "error":{\n    "metadata":[\n      "error-class","org.apache.solr.common.SolrException",\n      "root-error-class","java.lang.NullPointerException"],\n    "msg":"org.apache.solr.ltr.model.ModelException: Model type does not exist org.apache.solr.ltr.model.LinearModel",\n    "code":400}}\n'
[ERROR 2019-05-29 10:48:27]Status: 400 Bad Request
Response: b'{\n  "responseHeader":{\n    "status":400,\n    "QTime":5},\n  "error":{\n    "metadata":[\n      "error-class","org.apache.solr.common.SolrException",\n      "root-error-class","java.lang.NullPointerException"],\n    "msg":"org.apache.solr.ltr.model.ModelException: Model type does not exist org.apache.solr.ltr.model.LinearModel",\n    "code":400}}\n'
[ERROR 2019-05-29 11:27:08]Status: 400 Bad Request
Response: b'{\n  "responseHeader":{\n    "status":400,\n    "QTime":66},\n  "error":{\n    "metadata":[\n      "error-class","org.apache.solr.common.SolrException",\n      "root-error-class","java.lang.NullPointerException"],\n    "msg":"org.apache.solr.ltr.model.ModelException: Model type does not exist org.apache.solr.ltr.model.LinearModel",\n    "code":400}}\n'
[ERROR 2019-05-29 11:27:21]Status: 400 Bad Request
Response: b'{\n  "responseHeader":{\n    "status":400,\n    "QTime":15},\n  "error":{\n    "metadata":[\n      "error-class","org.apache.solr.common.SolrException",\n      "root-error-class","java.lang.NullPointerException"],\n    "msg":"org.apache.solr.ltr.model.ModelException: Model type does not exist org.apache.solr.ltr.model.LinearModel",\n    "code":400}}\n'
[ERROR 2019-05-29 11:28:48]Status: 400 Bad Request
Response: b'{\n  "responseHeader":{\n    "status":400,\n    "QTime":7},\n  "error":{\n    "metadata":[\n      "error-class","org.apache.solr.common.SolrException",\n      "root-error-class","java.lang.NullPointerException"],\n    "msg":"org.apache.solr.ltr.model.ModelException: Model type does not exist org.apache.solr.ltr.model.LinearModel",\n    "code":400}}\n'
[ERROR 2019-05-29 11:36:22]Status: 400 Bad Request
Response: b'{\n  "responseHeader":{\n    "status":400,\n    "QTime":37},\n  "error":{\n    "metadata":[\n      "error-class","org.apache.solr.common.SolrException",\n      "root-error-class","java.lang.NullPointerException"],\n    "msg":"org.apache.solr.ltr.model.ModelException: Model type does not exist org.apache.solr.ltr.model.LinearModel",\n    "code":400}}\n'
[ERROR 2019-05-29 11:46:08]Status: 400 Bad Request
Response: b'{\n  "responseHeader":{\n    "status":400,\n    "QTime":14},\n  "error":{\n    "metadata":[\n      "error-class","org.apache.solr.common.SolrException",\n      "root-error-class","java.lang.NullPointerException"],\n    "msg":"org.apache.solr.ltr.model.ModelException: Model type does not exist org.apache.solr.ltr.model.LinearModel",\n    "code":400}}\n'
[ERROR 2019-05-29 11:46:19]Status: 400 Bad Request
Response: b'{\n  "responseHeader":{\n    "status":400,\n    "QTime":19},\n  "error":{\n    "metadata":[\n      "error-class","org.apache.solr.common.SolrException",\n      "root-error-class","java.lang.NullPointerException"],\n    "msg":"org.apache.solr.ltr.model.ModelException: Model type does not exist org.apache.solr.ltr.model.LinearModel",\n    "code":400}}\n'
[ERROR 2019-05-29 11:49:03]Status: 400 Bad Request
Response: b'{\n  "responseHeader":{\n    "status":400,\n    "QTime":1},\n  "error":{\n    "metadata":[\n      "error-class","org.apache.solr.common.SolrException",\n      "root-error-class","java.lang.NullPointerException"],\n    "msg":"org.apache.solr.ltr.model.ModelException: Model type does not exist org.apache.solr.ltr.model.LinearModel",\n    "code":400}}\n'
[ERROR 2019-05-29 13:27:34]Status: 400 Bad Request
Response: b'{\n  "responseHeader":{\n    "status":400,\n    "QTime":1},\n  "error":{\n    "metadata":[\n      "error-class","org.apache.solr.common.SolrException",\n      "root-error-class","java.lang.NullPointerException"],\n    "msg":"org.apache.solr.ltr.model.ModelException: Model type does not exist org.apache.solr.ltr.model.LinearModel",\n    "code":400}}\n'
[ERROR 2019-05-29 13:27:36]Status: 400 Bad Request
Response: b'{\n  "responseHeader":{\n    "status":400,\n    "QTime":2},\n  "error":{\n    "metadata":[\n      "error-class","org.apache.solr.common.SolrException",\n      "root-error-class","java.lang.NullPointerException"],\n    "msg":"org.apache.solr.ltr.model.ModelException: Model type does not exist org.apache.solr.ltr.model.LinearModel",\n    "code":400}}\n'
[ERROR 2019-05-29 13:27:38]Status: 400 Bad Request
Response: b'{\n  "responseHeader":{\n    "status":400,\n    "QTime":2},\n  "error":{\n    "metadata":[\n      "error-class","org.apache.solr.common.SolrException",\n      "root-error-class","java.lang.NullPointerException"],\n    "msg":"org.apache.solr.ltr.model.ModelException: Model type does not exist org.apache.solr.ltr.model.LinearModel",\n    "code":400}}\n'
[ERROR 2019-05-29 15:16:11]Status: 400 Bad Request
Response: b'{\n  "responseHeader":{\n    "status":400,\n    "QTime":95},\n  "error":{\n    "metadata":[\n      "error-class","org.apache.solr.common.SolrException",\n      "root-error-class","java.lang.NullPointerException"],\n    "msg":"org.apache.solr.ltr.model.ModelException: Model type does not exist org.apache.solr.ltr.model.LinearModel",\n    "code":400}}\n'
[ERROR 2019-05-29 15:16:41]Status: 400 Bad Request
Response: b'{\n  "responseHeader":{\n    "status":400,\n    "QTime":9},\n  "error":{\n    "metadata":[\n      "error-class","org.apache.solr.common.SolrException",\n      "root-error-class","java.lang.NullPointerException"],\n    "msg":"org.apache.solr.ltr.model.ModelException: Model type does not exist org.apache.solr.ltr.model.LinearModel",\n    "code":400}}\n'
[ERROR 2019-05-29 15:17:48]Status: 400 Bad Request
Response: b'{\n  "responseHeader":{\n    "status":400,\n    "QTime":21},\n  "error":{\n    "metadata":[\n      "error-class","org.apache.solr.common.SolrException",\n      "root-error-class","java.lang.NullPointerException"],\n    "msg":"org.apache.solr.ltr.model.ModelException: Model type does not exist org.apache.solr.ltr.model.LinearModel",\n    "code":400}}\n'
[ERROR 2019-05-29 15:23:30]Status: 400 Bad Request
Response: b'{\n  "responseHeader":{\n    "status":400,\n    "QTime":7},\n  "error":{\n    "metadata":[\n      "error-class","org.apache.solr.common.SolrException",\n      "root-error-class","java.lang.NullPointerException"],\n    "msg":"org.apache.solr.ltr.model.ModelException: Model type does not exist org.apache.solr.ltr.model.LinearModel",\n    "code":400}}\n'
[ERROR 2019-05-29 15:25:11]Status: 400 Bad Request
Response: b'{\n  "responseHeader":{\n    "status":400,\n    "QTime":184},\n  "error":{\n    "metadata":[\n      "error-class","org.apache.solr.common.SolrException",\n      "root-error-class","java.lang.NullPointerException"],\n    "msg":"org.apache.solr.ltr.model.ModelException: Model type does not exist org.apache.solr.ltr.model.LinearModel",\n    "code":400}}\n'
[ERROR 2019-05-29 15:26:05]Status: 400 Bad Request
Response: b'{\n  "responseHeader":{\n    "status":400,\n    "QTime":11},\n  "error":{\n    "metadata":[\n      "error-class","org.apache.solr.common.SolrException",\n      "root-error-class","java.lang.NullPointerException"],\n    "msg":"org.apache.solr.ltr.model.ModelException: Model type does not exist org.apache.solr.ltr.model.LinearModel",\n    "code":400}}\n'
[ERROR 2019-05-29 15:34:15]Status: 400 Bad Request
Response: b'{\n  "responseHeader":{\n    "status":400,\n    "QTime":2},\n  "error":{\n    "metadata":[\n      "error-class","org.apache.solr.common.SolrException",\n      "root-error-class","java.lang.NullPointerException"],\n    "msg":"org.apache.solr.ltr.model.ModelException: Model type does not exist org.apache.solr.ltr.model.LinearModel",\n    "code":400}}\n'
[ERROR 2019-05-29 15:34:57]Status: 400 Bad Request
Response: b'{\n  "responseHeader":{\n    "status":400,\n    "QTime":12},\n  "error":{\n    "metadata":[\n      "error-class","org.apache.solr.common.SolrException",\n      "root-error-class","java.lang.NullPointerException"],\n    "msg":"org.apache.solr.ltr.model.ModelException: Model type does not exist org.apache.solr.ltr.model.LinearModel",\n    "code":400}}\n'
[ERROR 2019-05-29 15:35:33]Status: 400 Bad Request
Response: b'{\n  "responseHeader":{\n    "status":400,\n    "QTime":13},\n  "error":{\n    "metadata":[\n      "error-class","org.apache.solr.common.SolrException",\n      "root-error-class","java.lang.NullPointerException"],\n    "msg":"org.apache.solr.ltr.model.ModelException: Model type does not exist org.apache.solr.ltr.model.LinearModel",\n    "code":400}}\n'
[ERROR 2019-05-29 15:40:35]Status: 400 Bad Request
Response: b'{\n  "responseHeader":{\n    "status":400,\n    "QTime":26},\n  "error":{\n    "metadata":[\n      "error-class","org.apache.solr.common.SolrException",\n      "root-error-class","java.lang.NullPointerException"],\n    "msg":"org.apache.solr.ltr.model.ModelException: Model type does not exist org.apache.solr.ltr.model.LinearModel",\n    "code":400}}\n'
[ERROR 2019-05-29 15:41:42]Status: 400 Bad Request
Response: b'{\n  "responseHeader":{\n    "status":400,\n    "QTime":2},\n  "error":{\n    "metadata":[\n      "error-class","org.apache.solr.common.SolrException",\n      "root-error-class","java.lang.NullPointerException"],\n    "msg":"org.apache.solr.ltr.model.ModelException: Model type does not exist org.apache.solr.ltr.model.LinearModel",\n    "code":400}}\n'
[ERROR 2019-05-29 18:06:37]Status: 400 Bad Request
Response: b'{\n  "responseHeader":{\n    "status":400,\n    "QTime":21},\n  "error":{\n    "metadata":[\n      "error-class","org.apache.solr.common.SolrException",\n      "root-error-class","java.lang.NullPointerException"],\n    "msg":"org.apache.solr.ltr.model.ModelException: Model type does not exist org.apache.solr.ltr.model.LinearModel",\n    "code":400}}\n'
[ERROR 2019-05-30 10:10:39]Status: 400 Bad Request
Response: b'{\n  "responseHeader":{\n    "status":400,\n    "QTime":64},\n  "error":{\n    "metadata":[\n      "error-class","org.apache.solr.common.SolrException",\n      "root-error-class","java.lang.NullPointerException"],\n    "msg":"org.apache.solr.ltr.model.ModelException: Model type does not exist org.apache.solr.ltr.model.LinearModel",\n    "code":400}}\n'
[ERROR 2019-05-30 10:26:09]Status: 400 Bad Request
Response: b'{\n  "responseHeader":{\n    "status":400,\n    "QTime":105},\n  "error":{\n    "metadata":[\n      "error-class","org.apache.solr.common.SolrException",\n      "root-error-class","java.lang.NullPointerException"],\n    "msg":"org.apache.solr.ltr.model.ModelException: Model type does not exist org.apache.solr.ltr.model.LinearModel",\n    "code":400}}\n'
[ERROR 2019-05-30 10:26:24]Status: 400 Bad Request
Response: b'{\n  "responseHeader":{\n    "status":400,\n    "QTime":19},\n  "error":{\n    "metadata":[\n      "error-class","org.apache.solr.common.SolrException",\n      "root-error-class","java.lang.NullPointerException"],\n    "msg":"org.apache.solr.ltr.model.ModelException: Model type does not exist org.apache.solr.ltr.model.LinearModel",\n    "code":400}}\n'
[ERROR 2019-05-30 10:26:30]Status: 400 Bad Request
Response: b'{\n  "responseHeader":{\n    "status":400,\n    "QTime":20},\n  "error":{\n    "metadata":[\n      "error-class","org.apache.solr.common.SolrException",\n      "root-error-class","java.lang.NullPointerException"],\n    "msg":"org.apache.solr.ltr.model.ModelException: Model type does not exist org.apache.solr.ltr.model.LinearModel",\n    "code":400}}\n'
[ERROR 2019-05-30 10:41:03]Status: 400 Bad Request
Response: b'{\n  "responseHeader":{\n    "status":400,\n    "QTime":7},\n  "error":{\n    "metadata":[\n      "error-class","org.apache.solr.common.SolrException",\n      "root-error-class","org.apache.solr.ltr.model.ModelException"],\n    "msg":"org.apache.solr.ltr.model.ModelException: no features declared for model JapanDocModelBody",\n    "code":400}}\n'
[ERROR 2019-05-30 10:42:07]Status: 400 Bad Request
Response: b'{\n  "responseHeader":{\n    "status":400,\n    "QTime":6},\n  "error":{\n    "metadata":[\n      "error-class","org.apache.solr.common.SolrException",\n      "root-error-class","java.lang.NullPointerException"],\n    "msg":"org.apache.solr.ltr.model.ModelException: Model type does not exist org.apache.solr.ltr.model.LinearModel",\n    "code":400}}\n'
[ERROR 2019-05-30 10:43:28]Status: 400 Bad Request
Response: b'{\n  "responseHeader":{\n    "status":400,\n    "QTime":195},\n  "error":{\n    "metadata":[\n      "error-class","org.apache.solr.common.SolrException",\n      "root-error-class","java.lang.NullPointerException"],\n    "msg":"org.apache.solr.ltr.model.ModelException: Model type does not exist org.apache.solr.ltr.model.LinearModel",\n    "code":400}}\n'
[ERROR 2019-05-30 10:43:30]Status: 400 Bad Request
Response: b'{\n  "responseHeader":{\n    "status":400,\n    "QTime":14},\n  "error":{\n    "metadata":[\n      "error-class","org.apache.solr.common.SolrException",\n      "root-error-class","org.apache.solr.ltr.model.ModelException"],\n    "msg":"org.apache.solr.ltr.model.ModelException: no features declared for model JapanDocModelBody",\n    "code":400}}\n'
[ERROR 2019-05-30 10:43:32]Status: 400 Bad Request
Response: b'{\n  "responseHeader":{\n    "status":400,\n    "QTime":271},\n  "error":{\n    "metadata":[\n      "error-class","org.apache.solr.common.SolrException",\n      "root-error-class","java.lang.NullPointerException"],\n    "msg":"org.apache.solr.ltr.model.ModelException: Model type does not exist org.apache.solr.ltr.model.LinearModel",\n    "code":400}}\n'
[ERROR 2019-05-30 10:43:36]Status: 400 Bad Request
Response: b'{\n  "responseHeader":{\n    "status":400,\n    "QTime":14},\n  "error":{\n    "metadata":[\n      "error-class","org.apache.solr.common.SolrException",\n      "root-error-class","org.apache.solr.ltr.model.ModelException"],\n    "msg":"org.apache.solr.ltr.model.ModelException: no features declared for model JapanDocModelBody",\n    "code":400}}\n'
[ERROR 2019-05-30 10:43:37]Status: 400 Bad Request
Response: b'{\n  "responseHeader":{\n    "status":400,\n    "QTime":2},\n  "error":{\n    "metadata":[\n      "error-class","org.apache.solr.common.SolrException",\n      "root-error-class","java.lang.NullPointerException"],\n    "msg":"org.apache.solr.ltr.model.ModelException: Model type does not exist org.apache.solr.ltr.model.LinearModel",\n    "code":400}}\n'
[ERROR 2019-05-30 10:43:42]Status: 400 Bad Request
Response: b'{\n  "responseHeader":{\n    "status":400,\n    "QTime":6},\n  "error":{\n    "metadata":[\n      "error-class","org.apache.solr.common.SolrException",\n      "root-error-class","java.lang.NullPointerException"],\n    "msg":"org.apache.solr.ltr.model.ModelException: Model type does not exist org.apache.solr.ltr.model.LinearModel",\n    "code":400}}\n'
[ERROR 2019-05-30 10:44:01]Status: 400 Bad Request
Response: b'{\n  "responseHeader":{\n    "status":400,\n    "QTime":206},\n  "error":{\n    "metadata":[\n      "error-class","org.apache.solr.common.SolrException",\n      "root-error-class","java.lang.NullPointerException"],\n    "msg":"org.apache.solr.ltr.model.ModelException: Model type does not exist org.apache.solr.ltr.model.LinearModel",\n    "code":400}}\n'
[ERROR 2019-05-30 10:44:03]Status: 400 Bad Request
Response: b'{\n  "responseHeader":{\n    "status":400,\n    "QTime":32},\n  "error":{\n    "metadata":[\n      "error-class","org.apache.solr.common.SolrException",\n      "root-error-class","java.lang.NullPointerException"],\n    "msg":"org.apache.solr.ltr.model.ModelException: Model type does not exist org.apache.solr.ltr.model.LinearModel",\n    "code":400}}\n'
[ERROR 2019-05-30 10:44:04]Status: 400 Bad Request
Response: b'{\n  "responseHeader":{\n    "status":400,\n    "QTime":11},\n  "error":{\n    "metadata":[\n      "error-class","org.apache.solr.common.SolrException",\n      "root-error-class","java.lang.NullPointerException"],\n    "msg":"org.apache.solr.ltr.model.ModelException: Model type does not exist org.apache.solr.ltr.model.LinearModel",\n    "code":400}}\n'
[ERROR 2019-05-30 10:44:06]Status: 400 Bad Request
Response: b'{\n  "responseHeader":{\n    "status":400,\n    "QTime":14},\n  "error":{\n    "metadata":[\n      "error-class","org.apache.solr.common.SolrException",\n      "root-error-class","java.lang.NullPointerException"],\n    "msg":"org.apache.solr.ltr.model.ModelException: Model type does not exist org.apache.solr.ltr.model.LinearModel",\n    "code":400}}\n'
[ERROR 2019-05-30 10:44:11]Status: 400 Bad Request
Response: b'{\n  "responseHeader":{\n    "status":400,\n    "QTime":79},\n  "error":{\n    "metadata":[\n      "error-class","org.apache.solr.common.SolrException",\n      "root-error-class","java.lang.NullPointerException"],\n    "msg":"org.apache.solr.ltr.model.ModelException: Model type does not exist org.apache.solr.ltr.model.LinearModel",\n    "code":400}}\n'
[ERROR 2019-05-30 10:44:26]Status: 400 Bad Request
Response: b'{\n  "responseHeader":{\n    "status":400,\n    "QTime":25},\n  "error":{\n    "metadata":[\n      "error-class","org.apache.solr.common.SolrException",\n      "root-error-class","org.apache.solr.ltr.model.ModelException"],\n    "msg":"org.apache.solr.ltr.model.ModelException: no features declared for model JapanDocModelBody",\n    "code":400}}\n'
[ERROR 2019-05-30 10:44:30]Status: 400 Bad Request
Response: b'{\n  "responseHeader":{\n    "status":400,\n    "QTime":27},\n  "error":{\n    "metadata":[\n      "error-class","org.apache.solr.common.SolrException",\n      "root-error-class","org.apache.solr.ltr.model.ModelException"],\n    "msg":"org.apache.solr.ltr.model.ModelException: no features declared for model JapanDocModelBody",\n    "code":400}}\n'
[ERROR 2019-05-30 10:44:32]Status: 400 Bad Request
Response: b'{\n  "responseHeader":{\n    "status":400,\n    "QTime":43},\n  "error":{\n    "metadata":[\n      "error-class","org.apache.solr.common.SolrException",\n      "root-error-class","org.apache.solr.ltr.model.ModelException"],\n    "msg":"org.apache.solr.ltr.model.ModelException: no features declared for model JapanDocModelBody",\n    "code":400}}\n'
[ERROR 2019-05-30 10:44:34]Status: 400 Bad Request
Response: b'{\n  "responseHeader":{\n    "status":400,\n    "QTime":2},\n  "error":{\n    "metadata":[\n      "error-class","org.apache.solr.common.SolrException",\n      "root-error-class","org.apache.solr.ltr.model.ModelException"],\n    "msg":"org.apache.solr.ltr.model.ModelException: no features declared for model JapanDocModelBody",\n    "code":400}}\n'
[ERROR 2019-05-30 10:44:36]Status: 400 Bad Request
Response: b'{\n  "responseHeader":{\n    "status":400,\n    "QTime":85},\n  "error":{\n    "metadata":[\n      "error-class","org.apache.solr.common.SolrException",\n      "root-error-class","org.apache.solr.ltr.model.ModelException"],\n    "msg":"org.apache.solr.ltr.model.ModelException: no features declared for model JapanDocModelBody",\n    "code":400}}\n'
[ERROR 2019-05-30 10:44:40]Status: 400 Bad Request
Response: b'{\n  "responseHeader":{\n    "status":400,\n    "QTime":13},\n  "error":{\n    "metadata":[\n      "error-class","org.apache.solr.common.SolrException",\n      "root-error-class","org.apache.solr.ltr.model.ModelException"],\n    "msg":"org.apache.solr.ltr.model.ModelException: no features declared for model JapanDocModelBody",\n    "code":400}}\n'
[ERROR 2019-05-30 10:44:41]Status: 400 Bad Request
Response: b'{\n  "responseHeader":{\n    "status":400,\n    "QTime":6},\n  "error":{\n    "metadata":[\n      "error-class","org.apache.solr.common.SolrException",\n      "root-error-class","org.apache.solr.ltr.model.ModelException"],\n    "msg":"org.apache.solr.ltr.model.ModelException: no features declared for model JapanDocModelBody",\n    "code":400}}\n'
[ERROR 2019-05-30 10:44:44]Status: 400 Bad Request
Response: b'{\n  "responseHeader":{\n    "status":400,\n    "QTime":2},\n  "error":{\n    "metadata":[\n      "error-class","org.apache.solr.common.SolrException",\n      "root-error-class","org.apache.solr.ltr.model.ModelException"],\n    "msg":"org.apache.solr.ltr.model.ModelException: no features declared for model JapanDocModelBody",\n    "code":400}}\n'
[ERROR 2019-05-30 10:44:48]Status: 400 Bad Request
Response: b'{\n  "responseHeader":{\n    "status":400,\n    "QTime":2},\n  "error":{\n    "metadata":[\n      "error-class","org.apache.solr.common.SolrException",\n      "root-error-class","org.apache.solr.ltr.model.ModelException"],\n    "msg":"org.apache.solr.ltr.model.ModelException: no features declared for model JapanDocModelBody",\n    "code":400}}\n'
[ERROR 2019-05-30 10:44:55]Status: 400 Bad Request
Response: b'{\n  "responseHeader":{\n    "status":400,\n    "QTime":12},\n  "error":{\n    "metadata":[\n      "error-class","org.apache.solr.common.SolrException",\n      "root-error-class","org.apache.solr.ltr.model.ModelException"],\n    "msg":"org.apache.solr.ltr.model.ModelException: no features declared for model JapanDocModelBody",\n    "code":400}}\n'
[ERROR 2019-05-30 10:44:59]Status: 400 Bad Request
Response: b'{\n  "responseHeader":{\n    "status":400,\n    "QTime":18},\n  "error":{\n    "metadata":[\n      "error-class","org.apache.solr.common.SolrException",\n      "root-error-class","org.apache.solr.ltr.model.ModelException"],\n    "msg":"org.apache.solr.ltr.model.ModelException: no features declared for model JapanDocModelBody",\n    "code":400}}\n'
[ERROR 2019-05-30 10:45:01]Status: 400 Bad Request
Response: b'{\n  "responseHeader":{\n    "status":400,\n    "QTime":10},\n  "error":{\n    "metadata":[\n      "error-class","org.apache.solr.common.SolrException",\n      "root-error-class","org.apache.solr.ltr.model.ModelException"],\n    "msg":"org.apache.solr.ltr.model.ModelException: no features declared for model JapanDocModelBody",\n    "code":400}}\n'
[ERROR 2019-05-30 10:45:05]Status: 400 Bad Request
Response: b'{\n  "responseHeader":{\n    "status":400,\n    "QTime":13},\n  "error":{\n    "metadata":[\n      "error-class","org.apache.solr.common.SolrException",\n      "root-error-class","org.apache.solr.ltr.model.ModelException"],\n    "msg":"org.apache.solr.ltr.model.ModelException: no features declared for model JapanDocModelBody",\n    "code":400}}\n'
[ERROR 2019-05-30 10:45:08]Status: 400 Bad Request
Response: b'{\n  "responseHeader":{\n    "status":400,\n    "QTime":13},\n  "error":{\n    "metadata":[\n      "error-class","org.apache.solr.common.SolrException",\n      "root-error-class","org.apache.solr.ltr.model.ModelException"],\n    "msg":"org.apache.solr.ltr.model.ModelException: no features declared for model JapanDocModelBody",\n    "code":400}}\n'
[ERROR 2019-05-30 10:48:40]Status: 400 Bad Request
Response: b'{\n  "responseHeader":{\n    "status":400,\n    "QTime":9},\n  "error":{\n    "metadata":[\n      "error-class","org.apache.solr.common.SolrException",\n      "root-error-class","org.apache.solr.ltr.model.ModelException"],\n    "msg":"org.apache.solr.ltr.model.ModelException: no features declared for model JapanDocModelBody",\n    "code":400}}\n'
[ERROR 2019-05-30 10:48:43]Status: 400 Bad Request
Response: b'{\n  "responseHeader":{\n    "status":400,\n    "QTime":4},\n  "error":{\n    "metadata":[\n      "error-class","org.apache.solr.common.SolrException",\n      "root-error-class","org.apache.solr.ltr.model.ModelException"],\n    "msg":"org.apache.solr.ltr.model.ModelException: no features declared for model JapanDocModelBody",\n    "code":400}}\n'
[ERROR 2019-05-30 10:49:12]Status: 400 Bad Request
Response: b'{\n  "responseHeader":{\n    "status":400,\n    "QTime":4},\n  "error":{\n    "metadata":[\n      "error-class","org.apache.solr.common.SolrException",\n      "root-error-class","org.apache.solr.ltr.model.ModelException"],\n    "msg":"org.apache.solr.ltr.model.ModelException: no features declared for model JapanDocModelBody",\n    "code":400}}\n'
[ERROR 2019-05-30 10:56:03]Status: 400 Bad Request
Response: b'{\n  "responseHeader":{\n    "status":400,\n    "QTime":4},\n  "error":{\n    "metadata":[\n      "error-class","org.apache.solr.common.SolrException",\n      "root-error-class","org.apache.solr.ltr.model.ModelException"],\n    "msg":"org.apache.solr.ltr.model.ModelException: no features declared for model JapanDocModelBody",\n    "code":400}}\n'
[ERROR 2019-05-30 10:56:19]Status: 400 Bad Request
Response: b'{\n  "responseHeader":{\n    "status":400,\n    "QTime":8},\n  "error":{\n    "metadata":[\n      "error-class","org.apache.solr.common.SolrException",\n      "root-error-class","org.apache.solr.ltr.model.ModelException"],\n    "msg":"org.apache.solr.ltr.model.ModelException: no features declared for model JapanDocModelBody",\n    "code":400}}\n'
[ERROR 2019-05-30 10:56:30]Status: 400 Bad Request
Response: b'{\n  "responseHeader":{\n    "status":400,\n    "QTime":6},\n  "error":{\n    "metadata":[\n      "error-class","org.apache.solr.common.SolrException",\n      "root-error-class","org.apache.solr.ltr.model.ModelException"],\n    "msg":"org.apache.solr.ltr.model.ModelException: no features declared for model JapanDocModelBody",\n    "code":400}}\n'
[ERROR 2019-05-30 11:24:06]Status: 400 Bad Request
Response: b'{\n  "responseHeader":{\n    "status":400,\n    "QTime":2},\n  "error":{\n    "metadata":[\n      "error-class","org.apache.solr.common.SolrException",\n      "root-error-class","org.apache.solr.ltr.model.ModelException"],\n    "msg":"org.apache.solr.ltr.model.ModelException: no features declared for model JapanDocModelBody1",\n    "code":400}}\n'
[ERROR 2019-05-30 11:24:13]Status: 400 Bad Request
Response: b'{\n  "responseHeader":{\n    "status":400,\n    "QTime":1},\n  "error":{\n    "metadata":[\n      "error-class","org.apache.solr.common.SolrException",\n      "root-error-class","org.apache.solr.ltr.model.ModelException"],\n    "msg":"org.apache.solr.ltr.model.ModelException: no features declared for model JapanDocModelBody1",\n    "code":400}}\n'
[ERROR 2019-05-30 11:27:09]Status: 400 Bad Request
Response: b'{\n  "responseHeader":{\n    "status":400,\n    "QTime":1},\n  "error":{\n    "metadata":[\n      "error-class","org.apache.solr.common.SolrException",\n      "root-error-class","org.apache.solr.ltr.model.ModelException"],\n    "msg":"org.apache.solr.ltr.model.ModelException: no features declared for model JapanDocModelBody1",\n    "code":400}}\n'
[ERROR 2019-05-30 11:27:11]Status: 400 Bad Request
Response: b'{\n  "responseHeader":{\n    "status":400,\n    "QTime":3},\n  "error":{\n    "metadata":[\n      "error-class","org.apache.solr.common.SolrException",\n      "root-error-class","org.apache.solr.ltr.model.ModelException"],\n    "msg":"org.apache.solr.ltr.model.ModelException: no features declared for model JapanDocModelBody1",\n    "code":400}}\n'
[ERROR 2019-05-30 11:28:52]Status: 400 Bad Request
Response: b'{\n  "responseHeader":{\n    "status":400,\n    "QTime":1},\n  "error":{\n    "metadata":[\n      "error-class","org.apache.solr.common.SolrException",\n      "root-error-class","org.apache.solr.ltr.model.ModelException"],\n    "msg":"org.apache.solr.ltr.model.ModelException: no features declared for model JapanDocModelBody",\n    "code":400}}\n'
[ERROR 2019-05-30 11:29:01]Status: 400 Bad Request
Response: b'{\n  "responseHeader":{\n    "status":400,\n    "QTime":1},\n  "error":{\n    "metadata":[\n      "error-class","org.apache.solr.common.SolrException",\n      "root-error-class","org.apache.solr.ltr.model.ModelException"],\n    "msg":"org.apache.solr.ltr.model.ModelException: no features declared for model JapanDocModelBody",\n    "code":400}}\n'
[ERROR 2019-05-30 11:34:18]Status: 400 Bad Request
Response: b'{\n  "responseHeader":{\n    "status":400,\n    "QTime":1},\n  "error":{\n    "metadata":[\n      "error-class","org.apache.solr.common.SolrException",\n      "root-error-class","org.apache.solr.ltr.model.ModelException"],\n    "msg":"org.apache.solr.ltr.model.ModelException: no features declared for model JapanDocModelBody",\n    "code":400}}\n'
[ERROR 2019-05-30 11:36:17]Status: 400 Bad Request
Response: b'{\n  "responseHeader":{\n    "status":400,\n    "QTime":1},\n  "error":{\n    "metadata":[\n      "error-class","org.apache.solr.common.SolrException",\n      "root-error-class","org.apache.solr.ltr.model.ModelException"],\n    "msg":"org.apache.solr.ltr.model.ModelException: no features declared for model JapanDocModelBody",\n    "code":400}}\n'
[ERROR 2019-05-30 11:36:49]Status: 400 Bad Request
Response: b'{\n  "responseHeader":{\n    "status":400,\n    "QTime":5},\n  "error":{\n    "metadata":[\n      "error-class","org.apache.solr.common.SolrException",\n      "root-error-class","java.lang.NullPointerException"],\n    "msg":"org.apache.solr.ltr.model.ModelException: Model type does not exist org.apache.solr.ltr.model.LinearModel",\n    "code":400}}\n'
[ERROR 2019-05-30 14:38:12]Status: 400 Bad Request
Response: b'{\n  "responseHeader":{\n    "status":400,\n    "QTime":10},\n  "error":{\n    "metadata":[\n      "error-class","org.apache.solr.common.SolrException",\n      "root-error-class","org.apache.solr.ltr.model.ModelException"],\n    "msg":"org.apache.solr.ltr.model.ModelException: no features declared for model JapanDocModelBody",\n    "code":400}}\n'
[ERROR 2019-05-30 14:38:14]Status: 400 Bad Request
Response: b'{\n  "responseHeader":{\n    "status":400,\n    "QTime":29},\n  "error":{\n    "metadata":[\n      "error-class","org.apache.solr.common.SolrException",\n      "root-error-class","java.lang.NullPointerException"],\n    "msg":"org.apache.solr.ltr.model.ModelException: Model type does not exist org.apache.solr.ltr.model.LinearModel",\n    "code":400}}\n'
[ERROR 2019-05-30 14:38:16]Status: 400 Bad Request
Response: b'{\n  "responseHeader":{\n    "status":400,\n    "QTime":9},\n  "error":{\n    "metadata":[\n      "error-class","org.apache.solr.common.SolrException",\n      "root-error-class","java.lang.NullPointerException"],\n    "msg":"org.apache.solr.ltr.model.ModelException: Model type does not exist org.apache.solr.ltr.model.LinearModel",\n    "code":400}}\n'
[ERROR 2019-05-30 17:20:50]Status: 400 Bad Request
Response: b'{\n  "responseHeader":{\n    "status":400,\n    "QTime":11},\n  "error":{\n    "metadata":[\n      "error-class","org.apache.solr.common.SolrException",\n      "root-error-class","org.apache.solr.ltr.model.ModelException"],\n    "msg":"org.apache.solr.ltr.model.ModelException: no features declared for model JapanDocModelBody",\n    "code":400}}\n'
[ERROR 2019-05-30 17:26:02]Status: 400 Bad Request
Response: b'{\n  "responseHeader":{\n    "status":400,\n    "QTime":14},\n  "error":{\n    "metadata":[\n      "error-class","org.apache.solr.common.SolrException",\n      "root-error-class","org.apache.solr.ltr.model.ModelException"],\n    "msg":"org.apache.solr.ltr.model.ModelException: model \'JapanDocModelBody\' already exists. Please use a different name",\n    "code":400}}\n'
[ERROR 2019-05-31 13:30:46]Status: 400 Bad Request
Response: b'{\n  "responseHeader":{\n    "status":400,\n    "QTime":125},\n  "error":{\n    "metadata":[\n      "error-class","org.apache.solr.common.SolrException",\n      "root-error-class","org.apache.solr.ltr.model.ModelException"],\n    "msg":"org.apache.solr.ltr.model.ModelException: no features declared for model JapanDocModelBody",\n    "code":400}}\n'
[ERROR 2019-05-31 13:30:49]Status: 400 Bad Request
Response: b'{\n  "responseHeader":{\n    "status":400,\n    "QTime":37},\n  "error":{\n    "metadata":[\n      "error-class","org.apache.solr.common.SolrException",\n      "root-error-class","org.apache.solr.ltr.model.ModelException"],\n    "msg":"org.apache.solr.ltr.model.ModelException: no features declared for model JapanDocModelBody",\n    "code":400}}\n'
[ERROR 2019-05-31 13:31:01]Status: 400 Bad Request
Response: b'{\n  "responseHeader":{\n    "status":400,\n    "QTime":1},\n  "error":{\n    "metadata":[\n      "error-class","org.apache.solr.common.SolrException",\n      "root-error-class","org.apache.solr.ltr.model.ModelException"],\n    "msg":"org.apache.solr.ltr.model.ModelException: model \'JapanDocModelBody\' already exists. Please use a different name",\n    "code":400}}\n'
[ERROR 2019-05-31 13:31:04]Status: 400 Bad Request
Response: b'{\n  "responseHeader":{\n    "status":400,\n    "QTime":5},\n  "error":{\n    "metadata":[\n      "error-class","org.apache.solr.common.SolrException",\n      "root-error-class","org.apache.solr.ltr.model.ModelException"],\n    "msg":"org.apache.solr.ltr.model.ModelException: model \'JapanDocModelBody\' already exists. Please use a different name",\n    "code":400}}\n'
[ERROR 2019-05-31 15:25:46]Status: 400 Bad Request
Response: b'{\n  "responseHeader":{\n    "status":400,\n    "QTime":5},\n  "error":{\n    "metadata":[\n      "error-class","org.apache.solr.common.SolrException",\n      "root-error-class","org.apache.solr.ltr.model.ModelException"],\n    "msg":"org.apache.solr.ltr.model.ModelException: model \'JapanDocModelBody\' already exists. Please use a different name",\n    "code":400}}\n'
[ERROR 2019-05-31 15:26:37]Status: 400 Bad Request
Response: b'{\n  "responseHeader":{\n    "status":400,\n    "QTime":19},\n  "error":{\n    "metadata":[\n      "error-class","org.apache.solr.common.SolrException",\n      "root-error-class","java.lang.NullPointerException"],\n    "msg":"org.apache.solr.ltr.model.ModelException: Model type does not exist org.apache.solr.ltr.model.LinearModel",\n    "code":400}}\n'
[ERROR 2019-05-31 15:33:05]Status: 400 Bad Request
Response: b'{\n  "responseHeader":{\n    "status":400,\n    "QTime":12},\n  "error":{\n    "metadata":[\n      "error-class","org.apache.solr.common.SolrException",\n      "root-error-class","java.lang.NullPointerException"],\n    "msg":"org.apache.solr.ltr.model.ModelException: Model type does not exist org.apache.solr.ltr.model.LinearModel",\n    "code":400}}\n'
[ERROR 2019-05-31 15:37:24]Status: 400 Bad Request
Response: b'{\n  "responseHeader":{\n    "status":400,\n    "QTime":6},\n  "error":{\n    "metadata":[\n      "error-class","org.apache.solr.common.SolrException",\n      "root-error-class","org.apache.solr.ltr.model.ModelException"],\n    "msg":"org.apache.solr.ltr.model.ModelException: model \'JapanDocModelBody\' already exists. Please use a different name",\n    "code":400}}\n'
[ERROR 2019-05-31 15:38:09]Status: 400 Bad Request
Response: b'{\n  "responseHeader":{\n    "status":400,\n    "QTime":11},\n  "error":{\n    "metadata":[\n      "error-class","org.apache.solr.common.SolrException",\n      "root-error-class","org.apache.solr.ltr.model.ModelException"],\n    "msg":"org.apache.solr.ltr.model.ModelException: model \'JapanDocModelBody\' already exists. Please use a different name",\n    "code":400}}\n'
[ERROR 2019-05-31 15:38:40]Status: 400 Bad Request
Response: b'{\n  "responseHeader":{\n    "status":400,\n    "QTime":5},\n  "error":{\n    "metadata":[\n      "error-class","org.apache.solr.common.SolrException",\n      "root-error-class","org.apache.solr.ltr.model.ModelException"],\n    "msg":"org.apache.solr.ltr.model.ModelException: model \'JapanDocModelBody\' already exists. Please use a different name",\n    "code":400}}\n'
[ERROR 2019-05-31 15:41:36]Status: 400 Bad Request
Response: b'{\n  "responseHeader":{\n    "status":400,\n    "QTime":2},\n  "error":{\n    "metadata":[\n      "error-class","org.apache.solr.common.SolrException",\n      "root-error-class","java.lang.NullPointerException"],\n    "msg":"org.apache.solr.ltr.model.ModelException: Model type does not exist org.apache.solr.ltr.model.LinearModel",\n    "code":400}}\n'
[ERROR 2019-05-31 15:41:39]Status: 400 Bad Request
Response: b'{\n  "responseHeader":{\n    "status":400,\n    "QTime":1},\n  "error":{\n    "metadata":[\n      "error-class","org.apache.solr.common.SolrException",\n      "root-error-class","java.lang.NullPointerException"],\n    "msg":"org.apache.solr.ltr.model.ModelException: Model type does not exist org.apache.solr.ltr.model.LinearModel",\n    "code":400}}\n'
[ERROR 2019-06-03 13:18:04]Status: 400 Bad Request
Response: b'{\n  "responseHeader":{\n    "status":400,\n    "QTime":3},\n  "error":{\n    "metadata":[\n      "error-class","org.apache.solr.common.SolrException",\n      "root-error-class","java.lang.NullPointerException"],\n    "msg":"org.apache.solr.ltr.model.ModelException: Model type does not exist org.apache.solr.ltr.model.LinearModel",\n    "code":400}}\n'
[ERROR 2019-06-03 13:20:56]Status: 400 Bad Request
Response: b'{\n  "responseHeader":{\n    "status":400,\n    "QTime":2},\n  "error":{\n    "metadata":[\n      "error-class","org.apache.solr.common.SolrException",\n      "root-error-class","java.lang.NullPointerException"],\n    "msg":"org.apache.solr.ltr.model.ModelException: Model type does not exist org.apache.solr.ltr.model.LinearModel",\n    "code":400}}\n'
[ERROR 2019-06-03 13:22:38]Status: 400 Bad Request
Response: b'{\n  "responseHeader":{\n    "status":400,\n    "QTime":1},\n  "error":{\n    "metadata":[\n      "error-class","org.apache.solr.common.SolrException",\n      "root-error-class","org.apache.solr.ltr.model.ModelException"],\n    "msg":"org.apache.solr.ltr.model.ModelException: no features declared for model JapanDocModelBody1",\n    "code":400}}\n'
[ERROR 2019-06-03 13:25:02]Status: 400 Bad Request
Response: b'{\n  "responseHeader":{\n    "status":400,\n    "QTime":3},\n  "error":{\n    "metadata":[\n      "error-class","org.apache.solr.common.SolrException",\n      "root-error-class","org.apache.solr.ltr.model.ModelException"],\n    "msg":"org.apache.solr.ltr.model.ModelException: no features declared for model JapanDocModelBody1",\n    "code":400}}\n'
[ERROR 2019-06-03 13:26:50]Status: 400 Bad Request
Response: b'{\n  "responseHeader":{\n    "status":400,\n    "QTime":0},\n  "error":{\n    "metadata":[\n      "error-class","org.apache.solr.common.SolrException",\n      "root-error-class","java.lang.NullPointerException"],\n    "msg":"org.apache.solr.ltr.model.ModelException: Model type does not exist org.apache.solr.ltr.model.LinearModel",\n    "code":400}}\n'
[ERROR 2019-06-03 13:26:55]Status: 400 Bad Request
Response: b'{\n  "responseHeader":{\n    "status":400,\n    "QTime":3},\n  "error":{\n    "metadata":[\n      "error-class","org.apache.solr.common.SolrException",\n      "root-error-class","java.lang.NullPointerException"],\n    "msg":"org.apache.solr.ltr.model.ModelException: Model type does not exist org.apache.solr.ltr.model.LinearModel",\n    "code":400}}\n'
[ERROR 2019-06-03 13:29:09]Status: 400 Bad Request
Response: b'{\n  "responseHeader":{\n    "status":400,\n    "QTime":0},\n  "error":{\n    "metadata":[\n      "error-class","org.apache.solr.common.SolrException",\n      "root-error-class","java.lang.NullPointerException"],\n    "msg":"org.apache.solr.ltr.model.ModelException: Model type does not exist org.apache.solr.ltr.model.LinearModel",\n    "code":400}}\n'
[ERROR 2019-06-03 13:29:12]Status: 400 Bad Request
Response: b'{\n  "responseHeader":{\n    "status":400,\n    "QTime":1},\n  "error":{\n    "metadata":[\n      "error-class","org.apache.solr.common.SolrException",\n      "root-error-class","java.lang.NullPointerException"],\n    "msg":"org.apache.solr.ltr.model.ModelException: Model type does not exist org.apache.solr.ltr.model.LinearModel",\n    "code":400}}\n'
[ERROR 2019-06-03 13:30:49]Status: 400 Bad Request
Response: b'{\n  "responseHeader":{\n    "status":400,\n    "QTime":4},\n  "error":{\n    "metadata":[\n      "error-class","org.apache.solr.common.SolrException",\n      "root-error-class","java.lang.NullPointerException"],\n    "msg":"org.apache.solr.ltr.model.ModelException: Model type does not exist org.apache.solr.ltr.model.LinearModel",\n    "code":400}}\n'
[ERROR 2019-06-03 13:31:26]Status: 400 Bad Request
Response: b'{\n  "responseHeader":{\n    "status":400,\n    "QTime":1},\n  "error":{\n    "metadata":[\n      "error-class","org.apache.solr.common.SolrException",\n      "root-error-class","java.lang.NullPointerException"],\n    "msg":"org.apache.solr.ltr.model.ModelException: Model type does not exist org.apache.solr.ltr.model.LinearModel",\n    "code":400}}\n'
[ERROR 2019-06-03 13:32:00]Status: 400 Bad Request
Response: b'{\n  "responseHeader":{\n    "status":400,\n    "QTime":1},\n  "error":{\n    "metadata":[\n      "error-class","org.apache.solr.common.SolrException",\n      "root-error-class","java.lang.NullPointerException"],\n    "msg":"org.apache.solr.ltr.model.ModelException: Model type does not exist org.apache.solr.ltr.model.LinearModel",\n    "code":400}}\n'
[ERROR 2019-06-03 13:32:32]Status: 400 Bad Request
Response: b'{\n  "responseHeader":{\n    "status":400,\n    "QTime":6},\n  "error":{\n    "metadata":[\n      "error-class","org.apache.solr.common.SolrException",\n      "root-error-class","java.lang.NullPointerException"],\n    "msg":"org.apache.solr.ltr.model.ModelException: Model type does not exist org.apache.solr.ltr.model.LinearModel",\n    "code":400}}\n'
[ERROR 2019-06-03 13:34:16]Status: 400 Bad Request
Response: b'{\n  "responseHeader":{\n    "status":400,\n    "QTime":1},\n  "error":{\n    "metadata":[\n      "error-class","org.apache.solr.common.SolrException",\n      "root-error-class","java.lang.NullPointerException"],\n    "msg":"org.apache.solr.ltr.model.ModelException: Model type does not exist org.apache.solr.ltr.model.LinearModel",\n    "code":400}}\n'
[ERROR 2019-06-03 13:35:38]Status: 400 Bad Request
Response: b'{\n  "responseHeader":{\n    "status":400,\n    "QTime":1},\n  "error":{\n    "metadata":[\n      "error-class","org.apache.solr.common.SolrException",\n      "root-error-class","java.lang.NullPointerException"],\n    "msg":"org.apache.solr.ltr.model.ModelException: Model type does not exist org.apache.solr.ltr.model.LinearModel",\n    "code":400}}\n'
[ERROR 2019-06-03 13:37:06]Status: 400 Bad Request
Response: b'{\n  "responseHeader":{\n    "status":400,\n    "QTime":1},\n  "error":{\n    "metadata":[\n      "error-class","org.apache.solr.common.SolrException",\n      "root-error-class","java.lang.NullPointerException"],\n    "msg":"org.apache.solr.ltr.model.ModelException: Model type does not exist org.apache.solr.ltr.model.LinearModel",\n    "code":400}}\n'
[ERROR 2019-06-03 13:38:25]Status: 400 Bad Request
Response: b'{\n  "responseHeader":{\n    "status":400,\n    "QTime":2},\n  "error":{\n    "metadata":[\n      "error-class","org.apache.solr.common.SolrException",\n      "root-error-class","java.lang.NullPointerException"],\n    "msg":"org.apache.solr.ltr.model.ModelException: Model type does not exist org.apache.solr.ltr.model.LinearModel",\n    "code":400}}\n'
[ERROR 2019-06-03 13:38:41]Status: 400 Bad Request
Response: b'{\n  "responseHeader":{\n    "status":400,\n    "QTime":1},\n  "error":{\n    "metadata":[\n      "error-class","org.apache.solr.common.SolrException",\n      "root-error-class","java.lang.NullPointerException"],\n    "msg":"org.apache.solr.ltr.model.ModelException: Model type does not exist org.apache.solr.ltr.model.LinearModel",\n    "code":400}}\n'
[ERROR 2019-06-03 13:39:24]Status: 400 Bad Request
Response: b'{\n  "responseHeader":{\n    "status":400,\n    "QTime":0},\n  "error":{\n    "metadata":[\n      "error-class","org.apache.solr.common.SolrException",\n      "root-error-class","java.lang.NullPointerException"],\n    "msg":"org.apache.solr.ltr.model.ModelException: Model type does not exist org.apache.solr.ltr.model.LinearModel",\n    "code":400}}\n'
[ERROR 2019-06-03 13:40:22]Status: 400 Bad Request
Response: b'{\n  "responseHeader":{\n    "status":400,\n    "QTime":1},\n  "error":{\n    "metadata":[\n      "error-class","org.apache.solr.common.SolrException",\n      "root-error-class","java.lang.NullPointerException"],\n    "msg":"org.apache.solr.ltr.model.ModelException: Model type does not exist org.apache.solr.ltr.model.LinearModel",\n    "code":400}}\n'
[ERROR 2019-06-03 13:40:49]Status: 400 Bad Request
Response: b'{\n  "responseHeader":{\n    "status":400,\n    "QTime":1},\n  "error":{\n    "metadata":[\n      "error-class","org.apache.solr.common.SolrException",\n      "root-error-class","java.lang.NullPointerException"],\n    "msg":"org.apache.solr.ltr.model.ModelException: Model type does not exist org.apache.solr.ltr.model.LinearModel",\n    "code":400}}\n'
[ERROR 2019-06-03 13:41:55]Status: 400 Bad Request
Response: b'{\n  "responseHeader":{\n    "status":400,\n    "QTime":0},\n  "error":{\n    "metadata":[\n      "error-class","org.apache.solr.common.SolrException",\n      "root-error-class","java.lang.NullPointerException"],\n    "msg":"org.apache.solr.ltr.model.ModelException: Model type does not exist org.apache.solr.ltr.model.LinearModel",\n    "code":400}}\n'
[ERROR 2019-06-03 13:43:47]Status: 400 Bad Request
Response: b'{\n  "responseHeader":{\n    "status":400,\n    "QTime":1},\n  "error":{\n    "metadata":[\n      "error-class","org.apache.solr.common.SolrException",\n      "root-error-class","java.lang.NullPointerException"],\n    "msg":"org.apache.solr.ltr.model.ModelException: Model type does not exist org.apache.solr.ltr.model.LinearModel",\n    "code":400}}\n'
[ERROR 2019-06-03 13:44:20]Status: 400 Bad Request
Response: b'{\n  "responseHeader":{\n    "status":400,\n    "QTime":1},\n  "error":{\n    "metadata":[\n      "error-class","org.apache.solr.common.SolrException",\n      "root-error-class","java.lang.NullPointerException"],\n    "msg":"org.apache.solr.ltr.model.ModelException: Model type does not exist org.apache.solr.ltr.model.LinearModel",\n    "code":400}}\n'
[ERROR 2019-06-03 13:46:35]Status: 400 Bad Request
Response: b'{\n  "responseHeader":{\n    "status":400,\n    "QTime":0},\n  "error":{\n    "metadata":[\n      "error-class","org.apache.solr.common.SolrException",\n      "root-error-class","java.lang.NullPointerException"],\n    "msg":"org.apache.solr.ltr.model.ModelException: Model type does not exist org.apache.solr.ltr.model.LinearModel",\n    "code":400}}\n'
[ERROR 2019-06-03 13:47:59]Status: 400 Bad Request
Response: b'{\n  "responseHeader":{\n    "status":400,\n    "QTime":1},\n  "error":{\n    "metadata":[\n      "error-class","org.apache.solr.common.SolrException",\n      "root-error-class","java.lang.NullPointerException"],\n    "msg":"org.apache.solr.ltr.model.ModelException: Model type does not exist org.apache.solr.ltr.model.LinearModel",\n    "code":400}}\n'
[ERROR 2019-06-03 13:48:05]Status: 400 Bad Request
Response: b'{\n  "responseHeader":{\n    "status":400,\n    "QTime":0},\n  "error":{\n    "metadata":[\n      "error-class","org.apache.solr.common.SolrException",\n      "root-error-class","java.lang.NullPointerException"],\n    "msg":"org.apache.solr.ltr.model.ModelException: Model type does not exist org.apache.solr.ltr.model.LinearModel",\n    "code":400}}\n'
[ERROR 2019-06-03 13:48:25]Status: 400 Bad Request
Response: b'{\n  "responseHeader":{\n    "status":400,\n    "QTime":1},\n  "error":{\n    "metadata":[\n      "error-class","org.apache.solr.common.SolrException",\n      "root-error-class","java.lang.NullPointerException"],\n    "msg":"org.apache.solr.ltr.model.ModelException: Model type does not exist org.apache.solr.ltr.model.LinearModel",\n    "code":400}}\n'
[ERROR 2019-06-03 13:48:29]Status: 400 Bad Request
Response: b'{\n  "responseHeader":{\n    "status":400,\n    "QTime":1},\n  "error":{\n    "metadata":[\n      "error-class","org.apache.solr.common.SolrException",\n      "root-error-class","java.lang.NullPointerException"],\n    "msg":"org.apache.solr.ltr.model.ModelException: Model type does not exist org.apache.solr.ltr.model.LinearModel",\n    "code":400}}\n'
[ERROR 2019-06-03 13:48:59]Status: 400 Bad Request
Response: b'{\n  "responseHeader":{\n    "status":400,\n    "QTime":0},\n  "error":{\n    "metadata":[\n      "error-class","org.apache.solr.common.SolrException",\n      "root-error-class","java.lang.NullPointerException"],\n    "msg":"org.apache.solr.ltr.model.ModelException: Model type does not exist org.apache.solr.ltr.model.LinearModel",\n    "code":400}}\n'
[ERROR 2019-06-03 13:49:08]Status: 400 Bad Request
Response: b'{\n  "responseHeader":{\n    "status":400,\n    "QTime":2},\n  "error":{\n    "metadata":[\n      "error-class","org.apache.solr.common.SolrException",\n      "root-error-class","java.lang.NullPointerException"],\n    "msg":"org.apache.solr.ltr.model.ModelException: Model type does not exist org.apache.solr.ltr.model.LinearModel",\n    "code":400}}\n'
[ERROR 2019-06-03 13:50:05]Status: 400 Bad Request
Response: b'{\n  "responseHeader":{\n    "status":400,\n    "QTime":1},\n  "error":{\n    "metadata":[\n      "error-class","org.apache.solr.common.SolrException",\n      "root-error-class","java.lang.NullPointerException"],\n    "msg":"org.apache.solr.ltr.model.ModelException: Model type does not exist org.apache.solr.ltr.model.LinearModel",\n    "code":400}}\n'
[ERROR 2019-06-03 13:51:18]Status: 400 Bad Request
Response: b'{\n  "responseHeader":{\n    "status":400,\n    "QTime":0},\n  "error":{\n    "metadata":[\n      "error-class","org.apache.solr.common.SolrException",\n      "root-error-class","java.lang.NullPointerException"],\n    "msg":"org.apache.solr.ltr.model.ModelException: Model type does not exist org.apache.solr.ltr.model.LinearModel",\n    "code":400}}\n'
[ERROR 2019-06-03 13:51:22]Status: 400 Bad Request
Response: b'{\n  "responseHeader":{\n    "status":400,\n    "QTime":2},\n  "error":{\n    "metadata":[\n      "error-class","org.apache.solr.common.SolrException",\n      "root-error-class","java.lang.NullPointerException"],\n    "msg":"org.apache.solr.ltr.model.ModelException: Model type does not exist org.apache.solr.ltr.model.LinearModel",\n    "code":400}}\n'
[ERROR 2019-06-03 13:51:39]Status: 400 Bad Request
Response: b'{\n  "responseHeader":{\n    "status":400,\n    "QTime":1},\n  "error":{\n    "metadata":[\n      "error-class","org.apache.solr.common.SolrException",\n      "root-error-class","java.lang.NullPointerException"],\n    "msg":"org.apache.solr.ltr.model.ModelException: Model type does not exist org.apache.solr.ltr.model.LinearModel",\n    "code":400}}\n'
[ERROR 2019-06-03 13:52:24]Status: 400 Bad Request
Response: b'{\n  "responseHeader":{\n    "status":400,\n    "QTime":1},\n  "error":{\n    "metadata":[\n      "error-class","org.apache.solr.common.SolrException",\n      "root-error-class","java.lang.NullPointerException"],\n    "msg":"org.apache.solr.ltr.model.ModelException: Model type does not exist org.apache.solr.ltr.model.LinearModel",\n    "code":400}}\n'
[ERROR 2019-06-03 13:53:35]Status: 400 Bad Request
Response: b'{\n  "responseHeader":{\n    "status":400,\n    "QTime":4},\n  "error":{\n    "metadata":[\n      "error-class","org.apache.solr.common.SolrException",\n      "root-error-class","java.lang.NullPointerException"],\n    "msg":"org.apache.solr.ltr.model.ModelException: Model type does not exist org.apache.solr.ltr.model.LinearModel",\n    "code":400}}\n'
[ERROR 2019-06-03 13:56:45]Status: 400 Bad Request
Response: b'{\n  "responseHeader":{\n    "status":400,\n    "QTime":0},\n  "error":{\n    "metadata":[\n      "error-class","org.apache.solr.common.SolrException",\n      "root-error-class","java.lang.NullPointerException"],\n    "msg":"org.apache.solr.ltr.model.ModelException: Model type does not exist org.apache.solr.ltr.model.LinearModel",\n    "code":400}}\n'
[ERROR 2019-06-03 14:09:11]Status: 400 Bad Request
Response: b'{\n  "responseHeader":{\n    "status":400,\n    "QTime":1},\n  "error":{\n    "metadata":[\n      "error-class","org.apache.solr.common.SolrException",\n      "root-error-class","java.lang.NullPointerException"],\n    "msg":"org.apache.solr.ltr.model.ModelException: Model type does not exist org.apache.solr.ltr.model.LinearModel",\n    "code":400}}\n'
[ERROR 2019-06-03 14:15:53]Status: 400 Bad Request
Response: b'{\n  "responseHeader":{\n    "status":400,\n    "QTime":1},\n  "error":{\n    "metadata":[\n      "error-class","org.apache.solr.common.SolrException",\n      "root-error-class","java.lang.NullPointerException"],\n    "msg":"org.apache.solr.ltr.model.ModelException: Model type does not exist org.apache.solr.ltr.model.LinearModel",\n    "code":400}}\n'
[ERROR 2019-06-03 14:18:34]Status: 400 Bad Request
Response: b'{\n  "responseHeader":{\n    "status":400,\n    "QTime":0},\n  "error":{\n    "metadata":[\n      "error-class","org.apache.solr.common.SolrException",\n      "root-error-class","java.lang.NullPointerException"],\n    "msg":"org.apache.solr.ltr.model.ModelException: Model type does not exist org.apache.solr.ltr.model.LinearModel",\n    "code":400}}\n'
[ERROR 2019-06-03 14:25:18]Status: 400 Bad Request
Response: b'{\n  "responseHeader":{\n    "status":400,\n    "QTime":1},\n  "error":{\n    "metadata":[\n      "error-class","org.apache.solr.common.SolrException",\n      "root-error-class","java.lang.NullPointerException"],\n    "msg":"org.apache.solr.ltr.model.ModelException: Model type does not exist org.apache.solr.ltr.model.LinearModel",\n    "code":400}}\n'
[ERROR 2019-06-03 14:29:27]Status: 400 Bad Request
Response: b'{\n  "responseHeader":{\n    "status":400,\n    "QTime":0},\n  "error":{\n    "metadata":[\n      "error-class","org.apache.solr.common.SolrException",\n      "root-error-class","java.lang.NullPointerException"],\n    "msg":"org.apache.solr.ltr.model.ModelException: Model type does not exist org.apache.solr.ltr.model.LinearModel",\n    "code":400}}\n'
[ERROR 2019-06-03 14:30:20]Status: 400 Bad Request
Response: b'{\n  "responseHeader":{\n    "status":400,\n    "QTime":2},\n  "error":{\n    "metadata":[\n      "error-class","org.apache.solr.common.SolrException",\n      "root-error-class","java.lang.NullPointerException"],\n    "msg":"org.apache.solr.ltr.model.ModelException: Model type does not exist org.apache.solr.ltr.model.LinearModel",\n    "code":400}}\n'
[ERROR 2019-06-03 14:36:20]Status: 400 Bad Request
Response: b'{\n  "responseHeader":{\n    "status":400,\n    "QTime":1},\n  "error":{\n    "metadata":[\n      "error-class","org.apache.solr.common.SolrException",\n      "root-error-class","java.lang.NullPointerException"],\n    "msg":"org.apache.solr.ltr.model.ModelException: Model type does not exist org.apache.solr.ltr.model.LinearModel",\n    "code":400}}\n'
[ERROR 2019-06-03 14:39:12]Status: 400 Bad Request
Response: b'{\n  "responseHeader":{\n    "status":400,\n    "QTime":1},\n  "error":{\n    "metadata":[\n      "error-class","org.apache.solr.common.SolrException",\n      "root-error-class","java.lang.NullPointerException"],\n    "msg":"org.apache.solr.ltr.model.ModelException: Model type does not exist org.apache.solr.ltr.model.LinearModel",\n    "code":400}}\n'
[ERROR 2019-06-03 14:48:33]Status: 400 Bad Request
Response: b'{\n  "responseHeader":{\n    "status":400,\n    "QTime":1},\n  "error":{\n    "metadata":[\n      "error-class","org.apache.solr.common.SolrException",\n      "root-error-class","java.lang.NullPointerException"],\n    "msg":"org.apache.solr.ltr.model.ModelException: Model type does not exist org.apache.solr.ltr.model.LinearModel",\n    "code":400}}\n'
[ERROR 2019-06-03 14:51:00]Status: 400 Bad Request
Response: b'{\n  "responseHeader":{\n    "status":400,\n    "QTime":1},\n  "error":{\n    "metadata":[\n      "error-class","org.apache.solr.common.SolrException",\n      "root-error-class","java.lang.NullPointerException"],\n    "msg":"org.apache.solr.ltr.model.ModelException: Model type does not exist org.apache.solr.ltr.model.LinearModel",\n    "code":400}}\n'
[ERROR 2019-06-03 14:54:04]Status: 400 Bad Request
Response: b'{\n  "responseHeader":{\n    "status":400,\n    "QTime":1},\n  "error":{\n    "metadata":[\n      "error-class","org.apache.solr.common.SolrException",\n      "root-error-class","java.lang.NullPointerException"],\n    "msg":"org.apache.solr.ltr.model.ModelException: Model type does not exist org.apache.solr.ltr.model.LinearModel",\n    "code":400}}\n'
[ERROR 2019-06-03 15:00:57]Status: 400 Bad Request
Response: b'{\n  "responseHeader":{\n    "status":400,\n    "QTime":1},\n  "error":{\n    "metadata":[\n      "error-class","org.apache.solr.common.SolrException",\n      "root-error-class","java.lang.NullPointerException"],\n    "msg":"org.apache.solr.ltr.model.ModelException: Model type does not exist org.apache.solr.ltr.model.LinearModel",\n    "code":400}}\n'
[ERROR 2019-06-03 15:01:56]Status: 400 Bad Request
Response: b'{\n  "responseHeader":{\n    "status":400,\n    "QTime":1},\n  "error":{\n    "metadata":[\n      "error-class","org.apache.solr.common.SolrException",\n      "root-error-class","java.lang.NullPointerException"],\n    "msg":"org.apache.solr.ltr.model.ModelException: Model type does not exist org.apache.solr.ltr.model.LinearModel",\n    "code":400}}\n'
[ERROR 2019-06-03 15:16:03]Status: 400 Bad Request
Response: b'{\n  "responseHeader":{\n    "status":400,\n    "QTime":1},\n  "error":{\n    "metadata":[\n      "error-class","org.apache.solr.common.SolrException",\n      "root-error-class","java.lang.NullPointerException"],\n    "msg":"org.apache.solr.ltr.model.ModelException: Model type does not exist org.apache.solr.ltr.model.LinearModel",\n    "code":400}}\n'
[ERROR 2019-06-03 15:17:39]Status: 400 Bad Request
Response: b'{\n  "responseHeader":{\n    "status":400,\n    "QTime":1},\n  "error":{\n    "metadata":[\n      "error-class","org.apache.solr.common.SolrException",\n      "root-error-class","java.lang.NullPointerException"],\n    "msg":"org.apache.solr.ltr.model.ModelException: Model type does not exist org.apache.solr.ltr.model.LinearModel",\n    "code":400}}\n'
[ERROR 2019-06-03 15:19:33]Status: 400 Bad Request
Response: b'{\n  "responseHeader":{\n    "status":400,\n    "QTime":0},\n  "error":{\n    "metadata":[\n      "error-class","org.apache.solr.common.SolrException",\n      "root-error-class","java.lang.NullPointerException"],\n    "msg":"org.apache.solr.ltr.model.ModelException: Model type does not exist org.apache.solr.ltr.model.LinearModel",\n    "code":400}}\n'
[ERROR 2019-06-04 09:05:17]Status: 400 Bad Request
Response: b'{\n  "responseHeader":{\n    "status":400,\n    "QTime":6},\n  "error":{\n    "metadata":[\n      "error-class","org.apache.solr.common.SolrException",\n      "root-error-class","org.apache.solr.ltr.model.ModelException"],\n    "msg":"org.apache.solr.ltr.model.ModelException: model \'JapanDocModelBody\' already exists. Please use a different name",\n    "code":400}}\n'
[ERROR 2019-06-06 13:58:17]Status: 400 Bad Request
Response: b'{\n  "responseHeader":{\n    "status":400,\n    "QTime":2},\n  "error":{\n    "metadata":[\n      "error-class","org.apache.solr.common.SolrException",\n      "root-error-class","org.apache.solr.ltr.model.ModelException"],\n    "msg":"org.apache.solr.ltr.model.ModelException: no features declared for model JapanDocModelBody",\n    "code":400}}\n'
[ERROR 2019-06-06 14:00:40]Status: 400 Bad Request
Response: b'{\n  "responseHeader":{\n    "status":400,\n    "QTime":2},\n  "error":{\n    "metadata":[\n      "error-class","org.apache.solr.common.SolrException",\n      "root-error-class","org.apache.solr.ltr.model.ModelException"],\n    "msg":"org.apache.solr.ltr.model.ModelException: no features declared for model JapanDocModelBody",\n    "code":400}}\n'
[ERROR 2019-06-06 14:01:56]Status: 400 Bad Request
Response: b'{\n  "responseHeader":{\n    "status":400,\n    "QTime":2},\n  "error":{\n    "metadata":[\n      "error-class","org.apache.solr.common.SolrException",\n      "root-error-class","org.apache.solr.ltr.model.ModelException"],\n    "msg":"org.apache.solr.ltr.model.ModelException: no features declared for model JapanDocModelBody",\n    "code":400}}\n'
[ERROR 2019-06-11 09:47:58]Status: 400 Bad Request
Response: b'{\n  "responseHeader":{\n    "status":400,\n    "QTime":2},\n  "error":{\n    "metadata":[\n      "error-class","org.apache.solr.common.SolrException",\n      "root-error-class","org.apache.solr.ltr.model.ModelException"],\n    "msg":"org.apache.solr.ltr.model.ModelException: no features declared for model JapanDocModelBody",\n    "code":400}}\n'
[ERROR 2019-06-18 15:44:28]Status: 400 Bad Request
Response: b'{\n  "responseHeader":{\n    "status":400,\n    "QTime":2},\n  "error":{\n    "metadata":[\n      "error-class","org.apache.solr.common.SolrException",\n      "root-error-class","org.apache.solr.ltr.model.ModelException"],\n    "msg":"org.apache.solr.ltr.model.ModelException: no features declared for model JapanDocModelBody",\n    "code":400}}\n'
[ERROR 2019-06-18 15:52:23]Status: 400 Bad Request
Response: b'{\n  "responseHeader":{\n    "status":400,\n    "QTime":2},\n  "error":{\n    "metadata":[\n      "error-class","org.apache.solr.common.SolrException",\n      "root-error-class","org.apache.solr.ltr.model.ModelException"],\n    "msg":"org.apache.solr.ltr.model.ModelException: no features declared for model JapanDocModelBody",\n    "code":400}}\n'
[ERROR 2019-06-18 15:52:40]Status: 400 Bad Request
Response: b'{\n  "responseHeader":{\n    "status":400,\n    "QTime":0},\n  "error":{\n    "metadata":[\n      "error-class","org.apache.solr.common.SolrException",\n      "root-error-class","org.apache.solr.ltr.model.ModelException"],\n    "msg":"org.apache.solr.ltr.model.ModelException: no features declared for model JapanDocModelBody",\n    "code":400}}\n'
[ERROR 2019-06-18 16:00:17]Status: 400 Bad Request
Response: b'{\n  "responseHeader":{\n    "status":400,\n    "QTime":0},\n  "error":{\n    "metadata":[\n      "error-class","org.apache.solr.common.SolrException",\n      "root-error-class","org.apache.solr.ltr.model.ModelException"],\n    "msg":"org.apache.solr.ltr.model.ModelException: no features declared for model JapanDocModelBody",\n    "code":400}}\n'
