[INFO 2019-04-24 11:17:36]Error Search Key:働き方改革 Search DocID: 3303280449 Not find data
[INFO 2019-04-24 11:17:37]Error Search Key:働き方改革 Search DocID: 3318014657 Not find data
[INFO 2019-04-24 11:17:37]Error Search Key:働き方改革 Search DocID: 3318014913 Not find data
[INFO 2019-04-24 11:17:37]Error Search Key:働き方改革 Search DocID: 3318016897 Not find data
[INFO 2019-04-24 11:17:37]Error Search Key:働き方改革 Search DocID: 3318016961 Not find data
[INFO 2019-04-24 11:17:37]Error Search Key:働き方改革 Search DocID: 3318015873 Not find data
[INFO 2019-04-24 11:17:37]Error Search Key:働き方改革 Search DocID: 3317587649 Not find data
[INFO 2019-04-24 11:17:37]Error Search Key:働き方改革 Search DocID: 3318017537 Not find data
[INFO 2019-04-24 11:17:37]Error Search Key:働き方改革 Search DocID: 3318015553 Not find data
[INFO 2019-05-27 15:00:54]Error Search Key:危険物 Search DocID: 2211037192 Not find data
[INFO 2019-05-27 15:00:55]Error Search Key:危険物 Search DocID: 2211037191 Not find data
[INFO 2019-05-27 15:00:55]Error Search Key:危険物 Search DocID: 2206187527 Not find data
[INFO 2019-05-27 15:00:55]Error Search Key:危険物 Search DocID: 2206187528 Not find data
[INFO 2019-05-27 15:02:09]Error Search Key:危険物 Search DocID: 2211037192 Not find data
[INFO 2019-05-27 15:02:09]Error Search Key:危険物 Search DocID: 2211037191 Not find data
[INFO 2019-05-27 15:02:09]Error Search Key:危険物 Search DocID: 2206187527 Not find data
[INFO 2019-05-27 15:02:09]Error Search Key:危険物 Search DocID: 2206187528 Not find data
[INFO 2019-05-27 15:23:49]Error Search Key:危険物 Search DocID: 2211037192 Not find data
[INFO 2019-05-27 15:23:49]Error Search Key:危険物 Search DocID: 2211037191 Not find data
[INFO 2019-05-27 15:23:49]Error Search Key:危険物 Search DocID: 2206187527 Not find data
[INFO 2019-05-27 15:23:49]Error Search Key:危険物 Search DocID: 2206187528 Not find data
[INFO 2019-05-27 15:25:32]Error Search Key:危険物 Search DocID: 2211037192 Not find data
[INFO 2019-05-27 15:25:32]Error Search Key:危険物 Search DocID: 2211037191 Not find data
[INFO 2019-05-27 15:25:32]Error Search Key:危険物 Search DocID: 2206187527 Not find data
[INFO 2019-05-27 15:25:32]Error Search Key:危険物 Search DocID: 2206187528 Not find data
[INFO 2019-05-27 15:25:42]Error Search Key:危険物 Search DocID: 2211037192 Not find data
[INFO 2019-05-27 15:25:42]Error Search Key:危険物 Search DocID: 2211037191 Not find data
[INFO 2019-05-27 15:25:42]Error Search Key:危険物 Search DocID: 2206187527 Not find data
[INFO 2019-05-27 15:25:42]Error Search Key:危険物 Search DocID: 2206187528 Not find data
[INFO 2019-05-27 15:26:23]Error Search Key:危険物 Search DocID: 2211037192 Not find data
[INFO 2019-05-27 15:26:24]Error Search Key:危険物 Search DocID: 2211037191 Not find data
[INFO 2019-05-27 15:26:24]Error Search Key:危険物 Search DocID: 2206187527 Not find data
[INFO 2019-05-27 15:26:24]Error Search Key:危険物 Search DocID: 2206187528 Not find data
[INFO 2019-05-27 15:29:02]Error Search Key:危険物 Search DocID: 2211037192 Not find data
[INFO 2019-05-27 15:29:02]Error Search Key:危険物 Search DocID: 2211037191 Not find data
[INFO 2019-05-27 15:29:02]Error Search Key:危険物 Search DocID: 2206187527 Not find data
[INFO 2019-05-27 15:29:02]Error Search Key:危険物 Search DocID: 2206187528 Not find data
[INFO 2019-05-27 15:29:06]Error Search Key:危険物 Search DocID: 2211037192 Not find data
[INFO 2019-05-27 15:29:06]Error Search Key:危険物 Search DocID: 2211037191 Not find data
[INFO 2019-05-27 15:29:06]Error Search Key:危険物 Search DocID: 2206187527 Not find data
[INFO 2019-05-27 15:29:06]Error Search Key:危険物 Search DocID: 2206187528 Not find data
[INFO 2019-05-27 15:30:12]Error Search Key:危険物 Search DocID: 2211037192 Not find data
[INFO 2019-05-27 15:30:12]Error Search Key:危険物 Search DocID: 2211037191 Not find data
[INFO 2019-05-27 15:30:12]Error Search Key:危険物 Search DocID: 2206187527 Not find data
[INFO 2019-05-27 15:30:12]Error Search Key:危険物 Search DocID: 2206187528 Not find data
[INFO 2019-05-27 15:32:23]Error Search Key:危険物 Search DocID: 2211037192 Not find data
[INFO 2019-05-27 15:32:23]Error Search Key:危険物 Search DocID: 2211037191 Not find data
[INFO 2019-05-27 15:32:23]Error Search Key:危険物 Search DocID: 2206187527 Not find data
[INFO 2019-05-27 15:32:23]Error Search Key:危険物 Search DocID: 2206187528 Not find data
[INFO 2019-06-06 13:58:03]Error Search Key:金融商品取引法 Search DocID: 3226339141 Not find data
[INFO 2019-06-06 13:58:04]Error Search Key:金融商品取引法 Search DocID: 3296767489 Not find data
[INFO 2019-06-06 13:58:05]Error Search Key:金融商品取引法 Search DocID: 3221710466 Not find data
[INFO 2019-06-06 13:58:06]Error Search Key:金融商品取引法 Search DocID: 3221725890 Not find data
[INFO 2019-06-06 13:58:07]Error Search Key:金融商品取引法 Search DocID: 1272459593 Not find data
[INFO 2019-06-06 13:58:08]Error Search Key:金商法 Search DocID: 2513633282 Not find data
[INFO 2019-06-06 13:58:09]Error Search Key:金商法 Search DocID: 3309467201 Not find data
[INFO 2019-06-06 13:58:10]Error Search Key:金商法 Search DocID: 3298128449 Not find data
[INFO 2019-06-06 13:58:11]Error Search Key:金商法 Search DocID: 3298790337 Not find data
[INFO 2019-06-06 13:58:12]Error Search Key:金商法 Search DocID: 3264887553 Not find data
[INFO 2019-06-06 13:58:12]Error Search Key:金融 Search DocID: 2322841611 Not find data
[INFO 2019-06-06 13:58:13]Error Search Key:金融 Search DocID: 3306104321 Not find data
[INFO 2019-06-06 13:58:13]Error Search Key:金融 Search DocID: 3226441410 Not find data
[INFO 2019-06-06 13:58:14]Error Search Key:金融 Search DocID: 2376859920 Not find data
[INFO 2019-06-06 13:58:15]Error Search Key:金融 Search DocID: 2376859922 Not find data
[INFO 2019-06-06 14:00:29]Error Search Key:金融商品取引法 Search DocID: 3226339141 Not find data
[INFO 2019-06-06 14:00:30]Error Search Key:金融商品取引法 Search DocID: 3296767489 Not find data
[INFO 2019-06-06 14:00:31]Error Search Key:金融商品取引法 Search DocID: 3221710466 Not find data
[INFO 2019-06-06 14:00:31]Error Search Key:金融商品取引法 Search DocID: 3221725890 Not find data
[INFO 2019-06-06 14:00:32]Error Search Key:金融商品取引法 Search DocID: 1272459593 Not find data
[INFO 2019-06-06 14:00:33]Error Search Key:金商法 Search DocID: 2513633282 Not find data
[INFO 2019-06-06 14:00:33]Error Search Key:金商法 Search DocID: 3309467201 Not find data
[INFO 2019-06-06 14:00:34]Error Search Key:金商法 Search DocID: 3298128449 Not find data
[INFO 2019-06-06 14:00:35]Error Search Key:金商法 Search DocID: 3298790337 Not find data
[INFO 2019-06-06 14:00:35]Error Search Key:金商法 Search DocID: 3264887553 Not find data
[INFO 2019-06-06 14:00:36]Error Search Key:金融 Search DocID: 2322841611 Not find data
[INFO 2019-06-06 14:00:37]Error Search Key:金融 Search DocID: 3306104321 Not find data
[INFO 2019-06-06 14:00:37]Error Search Key:金融 Search DocID: 3226441410 Not find data
[INFO 2019-06-06 14:00:38]Error Search Key:金融 Search DocID: 2376859920 Not find data
[INFO 2019-06-06 14:00:38]Error Search Key:金融 Search DocID: 2376859922 Not find data
[INFO 2019-06-06 14:01:53]Error Search Key:金融商品取引法 Search DocID: 3226339141 Not find data
[INFO 2019-06-06 14:01:53]Error Search Key:金融商品取引法 Search DocID: 3296767489 Not find data
[INFO 2019-06-06 14:01:53]Error Search Key:金融商品取引法 Search DocID: 3221710466 Not find data
[INFO 2019-06-06 14:01:53]Error Search Key:金融商品取引法 Search DocID: 3221725890 Not find data
[INFO 2019-06-06 14:01:54]Error Search Key:金融商品取引法 Search DocID: 1272459593 Not find data
[INFO 2019-06-06 14:01:54]Error Search Key:金商法 Search DocID: 2513633282 Not find data
[INFO 2019-06-06 14:01:54]Error Search Key:金商法 Search DocID: 3309467201 Not find data
[INFO 2019-06-06 14:01:54]Error Search Key:金商法 Search DocID: 3298128449 Not find data
[INFO 2019-06-06 14:01:54]Error Search Key:金商法 Search DocID: 3298790337 Not find data
[INFO 2019-06-06 14:01:54]Error Search Key:金商法 Search DocID: 3264887553 Not find data
[INFO 2019-06-06 14:01:55]Error Search Key:金融 Search DocID: 2322841611 Not find data
[INFO 2019-06-06 14:01:55]Error Search Key:金融 Search DocID: 3306104321 Not find data
[INFO 2019-06-06 14:01:55]Error Search Key:金融 Search DocID: 3226441410 Not find data
[INFO 2019-06-06 14:01:55]Error Search Key:金融 Search DocID: 2376859920 Not find data
[INFO 2019-06-06 14:01:55]Error Search Key:金融 Search DocID: 2376859922 Not find data
